2025-11-27 09:02:00,979 - app - INFO - 客户端连接: Ujr_45XEhiHvk5ZdAAAB
2025-11-27 09:02:01,071 - app - DEBUG - 收到连接请求: Ujr_45XEhiHvk5ZdAAAB: {'connect': {'hostname': '127.0.0.1', 'port': 22, 'username': 'liuliu', 'password': '123456'}}
2025-11-27 09:02:01,075 - app - INFO - 尝试连接到 127.0.0.1:22 用户名: liuliu
2025-11-27 09:02:01,077 - app - DEBUG - creating ssh connection: Ujr_45XEhiHvk5ZdAAAB -> 127.0.0.1:22
2025-11-27 09:02:01,082 - app - DEBUG - trying to connect to server: 127.0.0.1:22
2025-11-27 09:02:01,085 - app - ERROR - error when creating SSH connection: Ujr_45XEhiHvk5ZdAAAB -> 127.0.0.1:22 - [Errno None] Unable to connect to port 22 on 127.0.0.1
2025-11-27 09:02:01,086 - app - DEBUG - SSH连接结果: False - Ujr_45XEhiHvk5ZdAAAB
2025-11-27 09:02:01,087 - app - ERROR - 连接到 127.0.0.1 用户名: liuliu 失败
2025-11-27 09:02:01,091 - app - DEBUG - trying to clsoe non-existent connection: Ujr_45XEhiHvk5ZdAAAB
2025-11-27 09:02:01,092 - app - INFO - 客户端断开连接: Ujr_45XEhiHvk5ZdAAAB
2025-11-27 09:02:12,233 - app - INFO - 客户端连接: I2N7CWHaoKlydpUgAAAD
2025-11-27 09:02:12,246 - app - DEBUG - 收到连接请求: I2N7CWHaoKlydpUgAAAD: {'connect': {'hostname': '127.0.0.1', 'port': 2092, 'username': 'liuliu', 'password': '123456'}}
2025-11-27 09:02:12,247 - app - INFO - 尝试连接到 127.0.0.1:2092 用户名: liuliu
2025-11-27 09:02:12,248 - app - DEBUG - creating ssh connection: I2N7CWHaoKlydpUgAAAD -> 127.0.0.1:2092
2025-11-27 09:02:12,249 - app - DEBUG - trying to connect to server: 127.0.0.1:2092
2025-11-27 09:02:12,434 - app - DEBUG - creating interactive shell: I2N7CWHaoKlydpUgAAAD
2025-11-27 09:02:12,955 - app - DEBUG - Setting up UTF-8 environment variables for I2N7CWHaoKlydpUgAAAD
2025-11-27 09:02:13,006 - app - DEBUG - UTF-8 environment variables set for I2N7CWHaoKlydpUgAAAD
2025-11-27 09:02:13,008 - app - INFO - SSH connecting successed: I2N7CWHaoKlydpUgAAAD -> 127.0.0.1:2092
2025-11-27 09:02:13,009 - app - DEBUG - SSH连接结果: True - I2N7CWHaoKlydpUgAAAD
2025-11-27 09:02:13,010 - app - INFO - 成功连接到 127.0.0.1 用户名: liuliu
2025-11-27 09:02:13,011 - app - DEBUG - 启动输出转发线程 - I2N7CWHaoKlydpUgAAAD
2025-11-27 09:02:13,012 - app - DEBUG - 开始转发SSH输出 - I2N7CWHaoKlydpUgAAAD
2025-11-27 09:02:13,013 - app - DEBUG - 转发输出数据 - I2N7CWHaoKlydpUgAAAD - 长度: 623
2025-11-27 09:02:15,804 - app - DEBUG - 收到终端输入: I2N7CWHaoKlydpUgAAAD, 数据长度: 1
2025-11-27 09:02:15,806 - app - DEBUG - sending data to SSH tunle: I2N7CWHaoKlydpUgAAAD, 长度: 1
2025-11-27 09:02:15,809 - app - DEBUG - 数据发送成功: I2N7CWHaoKlydpUgAAAD
2025-11-27 09:02:15,814 - app - DEBUG - 转发输出数据 - I2N7CWHaoKlydpUgAAAD - 长度: 1
2025-11-27 09:02:15,970 - app - DEBUG - 收到终端输入: I2N7CWHaoKlydpUgAAAD, 数据长度: 1
2025-11-27 09:02:15,971 - app - DEBUG - sending data to SSH tunle: I2N7CWHaoKlydpUgAAAD, 长度: 1
2025-11-27 09:02:15,973 - app - DEBUG - 数据发送成功: I2N7CWHaoKlydpUgAAAD
2025-11-27 09:02:15,978 - app - DEBUG - 转发输出数据 - I2N7CWHaoKlydpUgAAAD - 长度: 1
2025-11-27 09:02:16,191 - app - DEBUG - 收到终端输入: I2N7CWHaoKlydpUgAAAD, 数据长度: 1
2025-11-27 09:02:16,192 - app - DEBUG - sending data to SSH tunle: I2N7CWHaoKlydpUgAAAD, 长度: 1
2025-11-27 09:02:16,194 - app - DEBUG - 数据发送成功: I2N7CWHaoKlydpUgAAAD
2025-11-27 09:02:16,204 - app - DEBUG - 转发输出数据 - I2N7CWHaoKlydpUgAAAD - 长度: 135
2025-11-27 09:02:18,774 - app - DEBUG - 收到终端输入: I2N7CWHaoKlydpUgAAAD, 数据长度: 1
2025-11-27 09:02:18,777 - app - DEBUG - sending data to SSH tunle: I2N7CWHaoKlydpUgAAAD, 长度: 1
2025-11-27 09:02:18,779 - app - DEBUG - 数据发送成功: I2N7CWHaoKlydpUgAAAD
2025-11-27 09:02:18,790 - app - DEBUG - 转发输出数据 - I2N7CWHaoKlydpUgAAAD - 长度: 1
2025-11-27 09:02:18,989 - app - DEBUG - 收到终端输入: I2N7CWHaoKlydpUgAAAD, 数据长度: 1
2025-11-27 09:02:18,991 - app - DEBUG - sending data to SSH tunle: I2N7CWHaoKlydpUgAAAD, 长度: 1
2025-11-27 09:02:18,992 - app - DEBUG - 数据发送成功: I2N7CWHaoKlydpUgAAAD
2025-11-27 09:02:18,997 - app - DEBUG - 转发输出数据 - I2N7CWHaoKlydpUgAAAD - 长度: 1
2025-11-27 09:02:19,163 - app - DEBUG - 收到终端输入: I2N7CWHaoKlydpUgAAAD, 数据长度: 1
2025-11-27 09:02:19,165 - app - DEBUG - sending data to SSH tunle: I2N7CWHaoKlydpUgAAAD, 长度: 1
2025-11-27 09:02:19,166 - app - DEBUG - 数据发送成功: I2N7CWHaoKlydpUgAAAD
2025-11-27 09:02:19,172 - app - DEBUG - 转发输出数据 - I2N7CWHaoKlydpUgAAAD - 长度: 1
2025-11-27 09:02:19,816 - app - DEBUG - 收到终端输入: I2N7CWHaoKlydpUgAAAD, 数据长度: 1
2025-11-27 09:02:19,817 - app - DEBUG - sending data to SSH tunle: I2N7CWHaoKlydpUgAAAD, 长度: 1
2025-11-27 09:02:19,820 - app - DEBUG - 数据发送成功: I2N7CWHaoKlydpUgAAAD
2025-11-27 09:02:19,821 - app - DEBUG - 转发输出数据 - I2N7CWHaoKlydpUgAAAD - 长度: 1
2025-11-27 09:02:19,990 - app - DEBUG - 收到终端输入: I2N7CWHaoKlydpUgAAAD, 数据长度: 1
2025-11-27 09:02:19,991 - app - DEBUG - sending data to SSH tunle: I2N7CWHaoKlydpUgAAAD, 长度: 1
2025-11-27 09:02:19,993 - app - DEBUG - 数据发送成功: I2N7CWHaoKlydpUgAAAD
2025-11-27 09:02:19,999 - app - DEBUG - 转发输出数据 - I2N7CWHaoKlydpUgAAAD - 长度: 1
2025-11-27 09:02:20,128 - app - DEBUG - 收到终端输入: I2N7CWHaoKlydpUgAAAD, 数据长度: 1
2025-11-27 09:02:20,131 - app - DEBUG - sending data to SSH tunle: I2N7CWHaoKlydpUgAAAD, 长度: 1
2025-11-27 09:02:20,133 - app - DEBUG - 数据发送成功: I2N7CWHaoKlydpUgAAAD
2025-11-27 09:02:20,144 - app - DEBUG - 转发输出数据 - I2N7CWHaoKlydpUgAAAD - 长度: 1
2025-11-27 09:02:20,337 - app - DEBUG - 收到终端输入: I2N7CWHaoKlydpUgAAAD, 数据长度: 1
2025-11-27 09:02:20,338 - app - DEBUG - sending data to SSH tunle: I2N7CWHaoKlydpUgAAAD, 长度: 1
2025-11-27 09:02:20,340 - app - DEBUG - 数据发送成功: I2N7CWHaoKlydpUgAAAD
2025-11-27 09:02:20,345 - app - DEBUG - 转发输出数据 - I2N7CWHaoKlydpUgAAAD - 长度: 97
2025-11-27 09:02:20,987 - app - DEBUG - 收到终端输入: I2N7CWHaoKlydpUgAAAD, 数据长度: 1
2025-11-27 09:02:20,989 - app - DEBUG - sending data to SSH tunle: I2N7CWHaoKlydpUgAAAD, 长度: 1
2025-11-27 09:02:20,990 - app - DEBUG - 数据发送成功: I2N7CWHaoKlydpUgAAAD
2025-11-27 09:02:20,990 - app - DEBUG - 转发输出数据 - I2N7CWHaoKlydpUgAAAD - 长度: 1
2025-11-27 09:02:21,099 - app - DEBUG - 收到终端输入: I2N7CWHaoKlydpUgAAAD, 数据长度: 1
2025-11-27 09:02:21,100 - app - DEBUG - sending data to SSH tunle: I2N7CWHaoKlydpUgAAAD, 长度: 1
2025-11-27 09:02:21,101 - app - DEBUG - 数据发送成功: I2N7CWHaoKlydpUgAAAD
2025-11-27 09:02:21,106 - app - DEBUG - 转发输出数据 - I2N7CWHaoKlydpUgAAAD - 长度: 1
2025-11-27 09:02:21,231 - app - DEBUG - 收到终端输入: I2N7CWHaoKlydpUgAAAD, 数据长度: 1
2025-11-27 09:02:21,234 - app - DEBUG - sending data to SSH tunle: I2N7CWHaoKlydpUgAAAD, 长度: 1
2025-11-27 09:02:21,235 - app - DEBUG - 数据发送成功: I2N7CWHaoKlydpUgAAAD
2025-11-27 09:02:21,242 - app - DEBUG - 转发输出数据 - I2N7CWHaoKlydpUgAAAD - 长度: 126
2025-11-27 09:02:28,215 - app - DEBUG - close SSH connection: I2N7CWHaoKlydpUgAAAD
2025-11-27 09:02:28,246 - app - INFO - ssh closed: I2N7CWHaoKlydpUgAAAD
2025-11-27 09:02:28,247 - app - DEBUG - removed from client list: I2N7CWHaoKlydpUgAAAD
2025-11-27 09:02:28,247 - app - INFO - 客户端断开连接: I2N7CWHaoKlydpUgAAAD
2025-11-27 09:02:28,248 - app - DEBUG - checking non-existent connection: I2N7CWHaoKlydpUgAAAD
2025-11-27 09:02:28,250 - app - DEBUG - 停止转发SSH输出 - I2N7CWHaoKlydpUgAAAD
2025-11-27 10:54:01,781 - app - INFO - 客户端连接: a2Gn5wOlytCOHruyAAAB
2025-11-27 10:54:01,861 - app - DEBUG - 收到连接请求: a2Gn5wOlytCOHruyAAAB: {'connect': {'hostname': '127.0.0.1', 'port': 2092, 'username': 'liuliu', 'password': '123456'}}
2025-11-27 10:54:01,871 - app - INFO - 尝试连接到 127.0.0.1:2092 用户名: liuliu
2025-11-27 10:54:01,872 - app - DEBUG - creating ssh connection: a2Gn5wOlytCOHruyAAAB -> 127.0.0.1:2092
2025-11-27 10:54:01,873 - app - DEBUG - trying to connect to server: 127.0.0.1:2092
2025-11-27 10:54:02,011 - app - DEBUG - creating interactive shell: a2Gn5wOlytCOHruyAAAB
2025-11-27 10:54:02,549 - app - DEBUG - Setting up UTF-8 environment variables for a2Gn5wOlytCOHruyAAAB
2025-11-27 10:54:02,596 - app - DEBUG - UTF-8 environment variables set for a2Gn5wOlytCOHruyAAAB
2025-11-27 10:54:02,597 - app - INFO - SSH connecting successed: a2Gn5wOlytCOHruyAAAB -> 127.0.0.1:2092
2025-11-27 10:54:02,598 - app - DEBUG - SSH连接结果: True - a2Gn5wOlytCOHruyAAAB
2025-11-27 10:54:02,599 - app - INFO - 成功连接到 127.0.0.1 用户名: liuliu
2025-11-27 10:54:02,600 - app - DEBUG - 启动输出转发线程 - a2Gn5wOlytCOHruyAAAB
2025-11-27 10:54:02,601 - app - DEBUG - 开始转发SSH输出 - a2Gn5wOlytCOHruyAAAB
2025-11-27 10:54:02,602 - app - DEBUG - 转发输出数据 - a2Gn5wOlytCOHruyAAAB - 长度: 623
2025-11-27 10:54:11,099 - app - DEBUG - 收到终端输入: a2Gn5wOlytCOHruyAAAB, 数据长度: 1
2025-11-27 10:54:11,100 - app - DEBUG - sending data to SSH tunle: a2Gn5wOlytCOHruyAAAB, 长度: 1
2025-11-27 10:54:11,101 - app - DEBUG - 数据发送成功: a2Gn5wOlytCOHruyAAAB
2025-11-27 10:54:11,111 - app - DEBUG - 转发输出数据 - a2Gn5wOlytCOHruyAAAB - 长度: 1
2025-11-27 10:54:11,235 - app - DEBUG - 收到终端输入: a2Gn5wOlytCOHruyAAAB, 数据长度: 1
2025-11-27 10:54:11,236 - app - DEBUG - sending data to SSH tunle: a2Gn5wOlytCOHruyAAAB, 长度: 1
2025-11-27 10:54:11,238 - app - DEBUG - 数据发送成功: a2Gn5wOlytCOHruyAAAB
2025-11-27 10:54:11,249 - app - DEBUG - 转发输出数据 - a2Gn5wOlytCOHruyAAAB - 长度: 1
2025-11-27 10:54:11,365 - app - DEBUG - 收到终端输入: a2Gn5wOlytCOHruyAAAB, 数据长度: 1
2025-11-27 10:54:11,367 - app - DEBUG - sending data to SSH tunle: a2Gn5wOlytCOHruyAAAB, 长度: 1
2025-11-27 10:54:11,369 - app - DEBUG - 数据发送成功: a2Gn5wOlytCOHruyAAAB
2025-11-27 10:54:11,375 - app - DEBUG - 转发输出数据 - a2Gn5wOlytCOHruyAAAB - 长度: 135
2025-11-27 10:54:12,127 - app - DEBUG - 收到终端输入: a2Gn5wOlytCOHruyAAAB, 数据长度: 1
2025-11-27 10:54:12,135 - app - DEBUG - sending data to SSH tunle: a2Gn5wOlytCOHruyAAAB, 长度: 1
2025-11-27 10:54:12,136 - app - DEBUG - 数据发送成功: a2Gn5wOlytCOHruyAAAB
2025-11-27 10:54:12,140 - app - DEBUG - 转发输出数据 - a2Gn5wOlytCOHruyAAAB - 长度: 1
2025-11-27 10:54:12,373 - app - DEBUG - 收到终端输入: a2Gn5wOlytCOHruyAAAB, 数据长度: 1
2025-11-27 10:54:12,380 - app - DEBUG - sending data to SSH tunle: a2Gn5wOlytCOHruyAAAB, 长度: 1
2025-11-27 10:54:12,384 - app - DEBUG - 数据发送成功: a2Gn5wOlytCOHruyAAAB
2025-11-27 10:54:12,394 - app - DEBUG - 转发输出数据 - a2Gn5wOlytCOHruyAAAB - 长度: 1
2025-11-27 10:54:12,557 - app - DEBUG - 收到终端输入: a2Gn5wOlytCOHruyAAAB, 数据长度: 1
2025-11-27 10:54:12,558 - app - DEBUG - sending data to SSH tunle: a2Gn5wOlytCOHruyAAAB, 长度: 1
2025-11-27 10:54:12,559 - app - DEBUG - 数据发送成功: a2Gn5wOlytCOHruyAAAB
2025-11-27 10:54:12,562 - app - DEBUG - 转发输出数据 - a2Gn5wOlytCOHruyAAAB - 长度: 1
2025-11-27 10:54:12,932 - app - DEBUG - 收到终端输入: a2Gn5wOlytCOHruyAAAB, 数据长度: 1
2025-11-27 10:54:12,935 - app - DEBUG - sending data to SSH tunle: a2Gn5wOlytCOHruyAAAB, 长度: 1
2025-11-27 10:54:12,940 - app - DEBUG - 数据发送成功: a2Gn5wOlytCOHruyAAAB
2025-11-27 10:54:12,950 - app - DEBUG - 转发输出数据 - a2Gn5wOlytCOHruyAAAB - 长度: 1
2025-11-27 10:54:13,172 - app - DEBUG - 收到终端输入: a2Gn5wOlytCOHruyAAAB, 数据长度: 1
2025-11-27 10:54:13,176 - app - DEBUG - sending data to SSH tunle: a2Gn5wOlytCOHruyAAAB, 长度: 1
2025-11-27 10:54:13,178 - app - DEBUG - 数据发送成功: a2Gn5wOlytCOHruyAAAB
2025-11-27 10:54:13,180 - app - DEBUG - 转发输出数据 - a2Gn5wOlytCOHruyAAAB - 长度: 1
2025-11-27 10:54:13,317 - app - DEBUG - 收到终端输入: a2Gn5wOlytCOHruyAAAB, 数据长度: 1
2025-11-27 10:54:13,319 - app - DEBUG - sending data to SSH tunle: a2Gn5wOlytCOHruyAAAB, 长度: 1
2025-11-27 10:54:13,321 - app - DEBUG - 数据发送成功: a2Gn5wOlytCOHruyAAAB
2025-11-27 10:54:13,328 - app - DEBUG - 转发输出数据 - a2Gn5wOlytCOHruyAAAB - 长度: 1
2025-11-27 10:54:13,540 - app - DEBUG - 收到终端输入: a2Gn5wOlytCOHruyAAAB, 数据长度: 1
2025-11-27 10:54:13,542 - app - DEBUG - sending data to SSH tunle: a2Gn5wOlytCOHruyAAAB, 长度: 1
2025-11-27 10:54:13,544 - app - DEBUG - 数据发送成功: a2Gn5wOlytCOHruyAAAB
2025-11-27 10:54:13,552 - app - DEBUG - 转发输出数据 - a2Gn5wOlytCOHruyAAAB - 长度: 97
2025-11-27 10:54:14,303 - app - DEBUG - 收到终端输入: a2Gn5wOlytCOHruyAAAB, 数据长度: 1
2025-11-27 10:54:14,305 - app - DEBUG - sending data to SSH tunle: a2Gn5wOlytCOHruyAAAB, 长度: 1
2025-11-27 10:54:14,306 - app - DEBUG - 数据发送成功: a2Gn5wOlytCOHruyAAAB
2025-11-27 10:54:14,309 - app - DEBUG - 转发输出数据 - a2Gn5wOlytCOHruyAAAB - 长度: 1
2025-11-27 10:54:14,524 - app - DEBUG - 收到终端输入: a2Gn5wOlytCOHruyAAAB, 数据长度: 1
2025-11-27 10:54:14,526 - app - DEBUG - sending data to SSH tunle: a2Gn5wOlytCOHruyAAAB, 长度: 1
2025-11-27 10:54:14,528 - app - DEBUG - 数据发送成功: a2Gn5wOlytCOHruyAAAB
2025-11-27 10:54:14,530 - app - DEBUG - 转发输出数据 - a2Gn5wOlytCOHruyAAAB - 长度: 1
2025-11-27 10:54:14,642 - app - DEBUG - 收到终端输入: a2Gn5wOlytCOHruyAAAB, 数据长度: 1
2025-11-27 10:54:14,644 - app - DEBUG - sending data to SSH tunle: a2Gn5wOlytCOHruyAAAB, 长度: 1
2025-11-27 10:54:14,647 - app - DEBUG - 数据发送成功: a2Gn5wOlytCOHruyAAAB
2025-11-27 10:54:14,658 - app - DEBUG - 转发输出数据 - a2Gn5wOlytCOHruyAAAB - 长度: 1
2025-11-27 10:54:16,453 - app - DEBUG - 收到终端输入: a2Gn5wOlytCOHruyAAAB, 数据长度: 1
2025-11-27 10:54:16,454 - app - DEBUG - sending data to SSH tunle: a2Gn5wOlytCOHruyAAAB, 长度: 1
2025-11-27 10:54:16,456 - app - DEBUG - 数据发送成功: a2Gn5wOlytCOHruyAAAB
2025-11-27 10:54:16,460 - app - DEBUG - 转发输出数据 - a2Gn5wOlytCOHruyAAAB - 长度: 4
2025-11-27 10:54:16,658 - app - DEBUG - 收到终端输入: a2Gn5wOlytCOHruyAAAB, 数据长度: 1
2025-11-27 10:54:16,659 - app - DEBUG - sending data to SSH tunle: a2Gn5wOlytCOHruyAAAB, 长度: 1
2025-11-27 10:54:16,661 - app - DEBUG - 数据发送成功: a2Gn5wOlytCOHruyAAAB
2025-11-27 10:54:16,671 - app - DEBUG - 转发输出数据 - a2Gn5wOlytCOHruyAAAB - 长度: 4
2025-11-27 10:54:16,818 - app - DEBUG - 收到终端输入: a2Gn5wOlytCOHruyAAAB, 数据长度: 1
2025-11-27 10:54:16,819 - app - DEBUG - sending data to SSH tunle: a2Gn5wOlytCOHruyAAAB, 长度: 1
2025-11-27 10:54:16,820 - app - DEBUG - 数据发送成功: a2Gn5wOlytCOHruyAAAB
2025-11-27 10:54:16,829 - app - DEBUG - 转发输出数据 - a2Gn5wOlytCOHruyAAAB - 长度: 4
2025-11-27 10:54:16,964 - app - DEBUG - 收到终端输入: a2Gn5wOlytCOHruyAAAB, 数据长度: 1
2025-11-27 10:54:16,966 - app - DEBUG - sending data to SSH tunle: a2Gn5wOlytCOHruyAAAB, 长度: 1
2025-11-27 10:54:16,969 - app - DEBUG - 数据发送成功: a2Gn5wOlytCOHruyAAAB
2025-11-27 10:54:16,976 - app - DEBUG - 转发输出数据 - a2Gn5wOlytCOHruyAAAB - 长度: 1
2025-11-27 10:54:17,172 - app - DEBUG - 收到终端输入: a2Gn5wOlytCOHruyAAAB, 数据长度: 1
2025-11-27 10:54:17,177 - app - DEBUG - sending data to SSH tunle: a2Gn5wOlytCOHruyAAAB, 长度: 1
2025-11-27 10:54:17,179 - app - DEBUG - 数据发送成功: a2Gn5wOlytCOHruyAAAB
2025-11-27 10:54:17,186 - app - DEBUG - 转发输出数据 - a2Gn5wOlytCOHruyAAAB - 长度: 1
2025-11-27 10:54:17,373 - app - DEBUG - 收到终端输入: a2Gn5wOlytCOHruyAAAB, 数据长度: 1
2025-11-27 10:54:17,374 - app - DEBUG - sending data to SSH tunle: a2Gn5wOlytCOHruyAAAB, 长度: 1
2025-11-27 10:54:17,375 - app - DEBUG - 数据发送成功: a2Gn5wOlytCOHruyAAAB
2025-11-27 10:54:17,385 - app - DEBUG - 转发输出数据 - a2Gn5wOlytCOHruyAAAB - 长度: 1
2025-11-27 10:54:28,885 - app - DEBUG - 收到终端输入: a2Gn5wOlytCOHruyAAAB, 数据长度: 1
2025-11-27 10:54:28,887 - app - DEBUG - sending data to SSH tunle: a2Gn5wOlytCOHruyAAAB, 长度: 1
2025-11-27 10:54:28,889 - app - DEBUG - 数据发送成功: a2Gn5wOlytCOHruyAAAB
2025-11-27 10:54:28,890 - app - DEBUG - 转发输出数据 - a2Gn5wOlytCOHruyAAAB - 长度: 1
2025-11-27 10:54:29,042 - app - DEBUG - 收到终端输入: a2Gn5wOlytCOHruyAAAB, 数据长度: 1
2025-11-27 10:54:29,043 - app - DEBUG - sending data to SSH tunle: a2Gn5wOlytCOHruyAAAB, 长度: 1
2025-11-27 10:54:29,044 - app - DEBUG - 数据发送成功: a2Gn5wOlytCOHruyAAAB
2025-11-27 10:54:29,050 - app - DEBUG - 转发输出数据 - a2Gn5wOlytCOHruyAAAB - 长度: 1
2025-11-27 10:54:29,194 - app - DEBUG - 收到终端输入: a2Gn5wOlytCOHruyAAAB, 数据长度: 1
2025-11-27 10:54:29,195 - app - DEBUG - sending data to SSH tunle: a2Gn5wOlytCOHruyAAAB, 长度: 1
2025-11-27 10:54:29,195 - app - DEBUG - 数据发送成功: a2Gn5wOlytCOHruyAAAB
2025-11-27 10:54:29,200 - app - DEBUG - 转发输出数据 - a2Gn5wOlytCOHruyAAAB - 长度: 1
2025-11-27 10:54:29,392 - app - DEBUG - 收到终端输入: a2Gn5wOlytCOHruyAAAB, 数据长度: 1
2025-11-27 10:54:29,394 - app - DEBUG - sending data to SSH tunle: a2Gn5wOlytCOHruyAAAB, 长度: 1
2025-11-27 10:54:29,396 - app - DEBUG - 数据发送成功: a2Gn5wOlytCOHruyAAAB
2025-11-27 10:54:29,399 - app - DEBUG - 转发输出数据 - a2Gn5wOlytCOHruyAAAB - 长度: 1
2025-11-27 10:54:29,838 - app - DEBUG - 收到终端输入: a2Gn5wOlytCOHruyAAAB, 数据长度: 1
2025-11-27 10:54:29,840 - app - DEBUG - sending data to SSH tunle: a2Gn5wOlytCOHruyAAAB, 长度: 1
2025-11-27 10:54:29,841 - app - DEBUG - 数据发送成功: a2Gn5wOlytCOHruyAAAB
2025-11-27 10:54:29,850 - app - DEBUG - 转发输出数据 - a2Gn5wOlytCOHruyAAAB - 长度: 1
2025-11-27 10:54:30,228 - app - DEBUG - 收到终端输入: a2Gn5wOlytCOHruyAAAB, 数据长度: 1
2025-11-27 10:54:30,229 - app - DEBUG - sending data to SSH tunle: a2Gn5wOlytCOHruyAAAB, 长度: 1
2025-11-27 10:54:30,230 - app - DEBUG - 数据发送成功: a2Gn5wOlytCOHruyAAAB
2025-11-27 10:54:30,239 - app - DEBUG - 转发输出数据 - a2Gn5wOlytCOHruyAAAB - 长度: 4
2025-11-27 10:54:30,418 - app - DEBUG - 收到终端输入: a2Gn5wOlytCOHruyAAAB, 数据长度: 1
2025-11-27 10:54:30,420 - app - DEBUG - sending data to SSH tunle: a2Gn5wOlytCOHruyAAAB, 长度: 1
2025-11-27 10:54:30,422 - app - DEBUG - 数据发送成功: a2Gn5wOlytCOHruyAAAB
2025-11-27 10:54:30,428 - app - DEBUG - 转发输出数据 - a2Gn5wOlytCOHruyAAAB - 长度: 4
2025-11-27 10:54:31,195 - app - DEBUG - 收到终端输入: a2Gn5wOlytCOHruyAAAB, 数据长度: 1
2025-11-27 10:54:31,196 - app - DEBUG - sending data to SSH tunle: a2Gn5wOlytCOHruyAAAB, 长度: 1
2025-11-27 10:54:31,197 - app - DEBUG - 数据发送成功: a2Gn5wOlytCOHruyAAAB
2025-11-27 10:54:31,204 - app - DEBUG - 转发输出数据 - a2Gn5wOlytCOHruyAAAB - 长度: 1
2025-11-27 10:54:31,472 - app - DEBUG - 收到终端输入: a2Gn5wOlytCOHruyAAAB, 数据长度: 1
2025-11-27 10:54:31,477 - app - DEBUG - sending data to SSH tunle: a2Gn5wOlytCOHruyAAAB, 长度: 1
2025-11-27 10:54:31,479 - app - DEBUG - 数据发送成功: a2Gn5wOlytCOHruyAAAB
2025-11-27 10:54:31,489 - app - DEBUG - 转发输出数据 - a2Gn5wOlytCOHruyAAAB - 长度: 1
2025-11-27 10:54:31,753 - app - DEBUG - 收到终端输入: a2Gn5wOlytCOHruyAAAB, 数据长度: 1
2025-11-27 10:54:31,754 - app - DEBUG - sending data to SSH tunle: a2Gn5wOlytCOHruyAAAB, 长度: 1
2025-11-27 10:54:31,756 - app - DEBUG - 数据发送成功: a2Gn5wOlytCOHruyAAAB
2025-11-27 10:54:31,761 - app - DEBUG - 转发输出数据 - a2Gn5wOlytCOHruyAAAB - 长度: 1
2025-11-27 10:54:31,937 - app - DEBUG - 收到终端输入: a2Gn5wOlytCOHruyAAAB, 数据长度: 1
2025-11-27 10:54:31,939 - app - DEBUG - sending data to SSH tunle: a2Gn5wOlytCOHruyAAAB, 长度: 1
2025-11-27 10:54:31,941 - app - DEBUG - 数据发送成功: a2Gn5wOlytCOHruyAAAB
2025-11-27 10:54:31,943 - app - DEBUG - 转发输出数据 - a2Gn5wOlytCOHruyAAAB - 长度: 1
2025-11-27 10:54:32,748 - app - DEBUG - 收到终端输入: a2Gn5wOlytCOHruyAAAB, 数据长度: 1
2025-11-27 10:54:32,750 - app - DEBUG - sending data to SSH tunle: a2Gn5wOlytCOHruyAAAB, 长度: 1
2025-11-27 10:54:32,752 - app - DEBUG - 数据发送成功: a2Gn5wOlytCOHruyAAAB
2025-11-27 10:54:32,757 - app - DEBUG - 转发输出数据 - a2Gn5wOlytCOHruyAAAB - 长度: 1
2025-11-27 10:54:32,970 - app - DEBUG - 收到终端输入: a2Gn5wOlytCOHruyAAAB, 数据长度: 1
2025-11-27 10:54:32,972 - app - DEBUG - sending data to SSH tunle: a2Gn5wOlytCOHruyAAAB, 长度: 1
2025-11-27 10:54:32,973 - app - DEBUG - 数据发送成功: a2Gn5wOlytCOHruyAAAB
2025-11-27 10:54:32,978 - app - DEBUG - 转发输出数据 - a2Gn5wOlytCOHruyAAAB - 长度: 1
2025-11-27 10:54:33,877 - app - DEBUG - 收到终端输入: a2Gn5wOlytCOHruyAAAB, 数据长度: 1
2025-11-27 10:54:33,878 - app - DEBUG - sending data to SSH tunle: a2Gn5wOlytCOHruyAAAB, 长度: 1
2025-11-27 10:54:33,879 - app - DEBUG - 数据发送成功: a2Gn5wOlytCOHruyAAAB
2025-11-27 10:54:33,880 - app - DEBUG - 转发输出数据 - a2Gn5wOlytCOHruyAAAB - 长度: 1
2025-11-27 10:54:35,095 - app - DEBUG - 收到终端输入: a2Gn5wOlytCOHruyAAAB, 数据长度: 1
2025-11-27 10:54:35,097 - app - DEBUG - sending data to SSH tunle: a2Gn5wOlytCOHruyAAAB, 长度: 1
2025-11-27 10:54:35,100 - app - DEBUG - 数据发送成功: a2Gn5wOlytCOHruyAAAB
2025-11-27 10:54:35,102 - app - DEBUG - 转发输出数据 - a2Gn5wOlytCOHruyAAAB - 长度: 1
2025-11-27 10:54:35,556 - app - DEBUG - 收到终端输入: a2Gn5wOlytCOHruyAAAB, 数据长度: 1
2025-11-27 10:54:35,557 - app - DEBUG - sending data to SSH tunle: a2Gn5wOlytCOHruyAAAB, 长度: 1
2025-11-27 10:54:35,559 - app - DEBUG - 数据发送成功: a2Gn5wOlytCOHruyAAAB
2025-11-27 10:54:35,563 - app - DEBUG - 转发输出数据 - a2Gn5wOlytCOHruyAAAB - 长度: 1
2025-11-27 10:54:36,258 - app - DEBUG - 收到终端输入: a2Gn5wOlytCOHruyAAAB, 数据长度: 1
2025-11-27 10:54:36,264 - app - DEBUG - sending data to SSH tunle: a2Gn5wOlytCOHruyAAAB, 长度: 1
2025-11-27 10:54:36,266 - app - DEBUG - 数据发送成功: a2Gn5wOlytCOHruyAAAB
2025-11-27 10:54:36,266 - app - DEBUG - 转发输出数据 - a2Gn5wOlytCOHruyAAAB - 长度: 1
2025-11-27 10:54:36,554 - app - DEBUG - 收到终端输入: a2Gn5wOlytCOHruyAAAB, 数据长度: 1
2025-11-27 10:54:36,556 - app - DEBUG - sending data to SSH tunle: a2Gn5wOlytCOHruyAAAB, 长度: 1
2025-11-27 10:54:36,557 - app - DEBUG - 数据发送成功: a2Gn5wOlytCOHruyAAAB
2025-11-27 10:54:36,562 - app - DEBUG - 转发输出数据 - a2Gn5wOlytCOHruyAAAB - 长度: 1
2025-11-27 10:54:36,866 - app - DEBUG - 收到终端输入: a2Gn5wOlytCOHruyAAAB, 数据长度: 1
2025-11-27 10:54:36,868 - app - DEBUG - sending data to SSH tunle: a2Gn5wOlytCOHruyAAAB, 长度: 1
2025-11-27 10:54:36,870 - app - DEBUG - 数据发送成功: a2Gn5wOlytCOHruyAAAB
2025-11-27 10:54:36,877 - app - DEBUG - 转发输出数据 - a2Gn5wOlytCOHruyAAAB - 长度: 1
2025-11-27 10:54:37,171 - app - DEBUG - 收到终端输入: a2Gn5wOlytCOHruyAAAB, 数据长度: 1
2025-11-27 10:54:37,172 - app - DEBUG - sending data to SSH tunle: a2Gn5wOlytCOHruyAAAB, 长度: 1
2025-11-27 10:54:37,173 - app - DEBUG - 数据发送成功: a2Gn5wOlytCOHruyAAAB
2025-11-27 10:54:37,180 - app - DEBUG - 转发输出数据 - a2Gn5wOlytCOHruyAAAB - 长度: 1
2025-11-27 10:54:37,648 - app - DEBUG - 收到终端输入: a2Gn5wOlytCOHruyAAAB, 数据长度: 1
2025-11-27 10:54:37,649 - app - DEBUG - sending data to SSH tunle: a2Gn5wOlytCOHruyAAAB, 长度: 1
2025-11-27 10:54:37,651 - app - DEBUG - 数据发送成功: a2Gn5wOlytCOHruyAAAB
2025-11-27 10:54:37,661 - app - DEBUG - 转发输出数据 - a2Gn5wOlytCOHruyAAAB - 长度: 39
2025-11-27 10:54:39,088 - app - DEBUG - 收到终端输入: a2Gn5wOlytCOHruyAAAB, 数据长度: 1
2025-11-27 10:54:39,089 - app - DEBUG - sending data to SSH tunle: a2Gn5wOlytCOHruyAAAB, 长度: 1
2025-11-27 10:54:39,091 - app - DEBUG - 数据发送成功: a2Gn5wOlytCOHruyAAAB
2025-11-27 10:54:39,318 - app - DEBUG - 收到终端输入: a2Gn5wOlytCOHruyAAAB, 数据长度: 1
2025-11-27 10:54:39,319 - app - DEBUG - sending data to SSH tunle: a2Gn5wOlytCOHruyAAAB, 长度: 1
2025-11-27 10:54:39,323 - app - DEBUG - 数据发送成功: a2Gn5wOlytCOHruyAAAB
2025-11-27 10:54:39,520 - app - DEBUG - 收到终端输入: a2Gn5wOlytCOHruyAAAB, 数据长度: 1
2025-11-27 10:54:39,522 - app - DEBUG - sending data to SSH tunle: a2Gn5wOlytCOHruyAAAB, 长度: 1
2025-11-27 10:54:39,524 - app - DEBUG - 数据发送成功: a2Gn5wOlytCOHruyAAAB
2025-11-27 10:54:39,773 - app - DEBUG - 收到终端输入: a2Gn5wOlytCOHruyAAAB, 数据长度: 1
2025-11-27 10:54:39,774 - app - DEBUG - sending data to SSH tunle: a2Gn5wOlytCOHruyAAAB, 长度: 1
2025-11-27 10:54:39,777 - app - DEBUG - 数据发送成功: a2Gn5wOlytCOHruyAAAB
2025-11-27 10:54:39,967 - app - DEBUG - 收到终端输入: a2Gn5wOlytCOHruyAAAB, 数据长度: 1
2025-11-27 10:54:39,968 - app - DEBUG - sending data to SSH tunle: a2Gn5wOlytCOHruyAAAB, 长度: 1
2025-11-27 10:54:39,972 - app - DEBUG - 数据发送成功: a2Gn5wOlytCOHruyAAAB
2025-11-27 10:54:40,147 - app - DEBUG - 收到终端输入: a2Gn5wOlytCOHruyAAAB, 数据长度: 1
2025-11-27 10:54:40,148 - app - DEBUG - sending data to SSH tunle: a2Gn5wOlytCOHruyAAAB, 长度: 1
2025-11-27 10:54:40,150 - app - DEBUG - 数据发送成功: a2Gn5wOlytCOHruyAAAB
2025-11-27 10:54:40,377 - app - DEBUG - 收到终端输入: a2Gn5wOlytCOHruyAAAB, 数据长度: 1
2025-11-27 10:54:40,379 - app - DEBUG - sending data to SSH tunle: a2Gn5wOlytCOHruyAAAB, 长度: 1
2025-11-27 10:54:40,381 - app - DEBUG - 数据发送成功: a2Gn5wOlytCOHruyAAAB
2025-11-27 10:54:40,382 - app - DEBUG - 转发输出数据 - a2Gn5wOlytCOHruyAAAB - 长度: 2
2025-11-27 10:54:40,487 - app - DEBUG - 转发输出数据 - a2Gn5wOlytCOHruyAAAB - 长度: 29
2025-11-27 10:54:40,645 - app - DEBUG - 转发输出数据 - a2Gn5wOlytCOHruyAAAB - 长度: 64
2025-11-27 10:54:40,667 - app - DEBUG - 转发输出数据 - a2Gn5wOlytCOHruyAAAB - 长度: 64
2025-11-27 10:54:40,720 - app - DEBUG - 转发输出数据 - a2Gn5wOlytCOHruyAAAB - 长度: 66
2025-11-27 10:54:40,940 - app - DEBUG - 转发输出数据 - a2Gn5wOlytCOHruyAAAB - 长度: 140
2025-11-27 10:54:41,014 - app - DEBUG - 转发输出数据 - a2Gn5wOlytCOHruyAAAB - 长度: 27
2025-11-27 10:54:41,046 - app - DEBUG - 转发输出数据 - a2Gn5wOlytCOHruyAAAB - 长度: 28
2025-11-27 10:54:41,100 - app - DEBUG - 转发输出数据 - a2Gn5wOlytCOHruyAAAB - 长度: 31
2025-11-27 10:54:41,511 - app - DEBUG - 转发输出数据 - a2Gn5wOlytCOHruyAAAB - 长度: 464
2025-11-27 10:54:41,522 - app - DEBUG - 转发输出数据 - a2Gn5wOlytCOHruyAAAB - 长度: 232
2025-11-27 10:54:41,539 - app - DEBUG - 转发输出数据 - a2Gn5wOlytCOHruyAAAB - 长度: 66
2025-11-27 10:54:41,567 - app - DEBUG - 转发输出数据 - a2Gn5wOlytCOHruyAAAB - 长度: 135
2025-11-27 10:54:44,241 - app - DEBUG - 收到终端输入: a2Gn5wOlytCOHruyAAAB, 数据长度: 1
2025-11-27 10:54:44,243 - app - DEBUG - sending data to SSH tunle: a2Gn5wOlytCOHruyAAAB, 长度: 1
2025-11-27 10:54:44,244 - app - DEBUG - 数据发送成功: a2Gn5wOlytCOHruyAAAB
2025-11-27 10:54:44,248 - app - DEBUG - 转发输出数据 - a2Gn5wOlytCOHruyAAAB - 长度: 1
2025-11-27 10:54:44,842 - app - DEBUG - 收到终端输入: a2Gn5wOlytCOHruyAAAB, 数据长度: 1
2025-11-27 10:54:44,845 - app - DEBUG - sending data to SSH tunle: a2Gn5wOlytCOHruyAAAB, 长度: 1
2025-11-27 10:54:44,847 - app - DEBUG - 数据发送成功: a2Gn5wOlytCOHruyAAAB
2025-11-27 10:54:44,857 - app - DEBUG - 转发输出数据 - a2Gn5wOlytCOHruyAAAB - 长度: 24
2025-11-27 10:54:45,360 - app - DEBUG - 转发输出数据 - a2Gn5wOlytCOHruyAAAB - 长度: 34
2025-11-27 10:54:45,571 - app - DEBUG - 转发输出数据 - a2Gn5wOlytCOHruyAAAB - 长度: 174
2025-11-27 10:54:46,084 - app - DEBUG - 转发输出数据 - a2Gn5wOlytCOHruyAAAB - 长度: 48
2025-11-27 10:54:46,587 - app - DEBUG - 转发输出数据 - a2Gn5wOlytCOHruyAAAB - 长度: 48
2025-11-27 10:54:47,079 - app - DEBUG - 转发输出数据 - a2Gn5wOlytCOHruyAAAB - 长度: 48
2025-11-27 10:54:47,416 - app - DEBUG - 转发输出数据 - a2Gn5wOlytCOHruyAAAB - 长度: 61
2025-11-27 10:54:47,793 - app - DEBUG - 转发输出数据 - a2Gn5wOlytCOHruyAAAB - 长度: 145
2025-11-27 10:54:48,308 - app - DEBUG - 转发输出数据 - a2Gn5wOlytCOHruyAAAB - 长度: 39
2025-11-27 10:54:48,828 - app - DEBUG - 转发输出数据 - a2Gn5wOlytCOHruyAAAB - 长度: 39
2025-11-27 10:54:49,342 - app - DEBUG - 转发输出数据 - a2Gn5wOlytCOHruyAAAB - 长度: 39
2025-11-27 10:54:49,855 - app - DEBUG - 转发输出数据 - a2Gn5wOlytCOHruyAAAB - 长度: 40
2025-11-27 10:54:49,992 - app - DEBUG - 转发输出数据 - a2Gn5wOlytCOHruyAAAB - 长度: 208
2025-11-27 10:54:50,327 - app - DEBUG - 转发输出数据 - a2Gn5wOlytCOHruyAAAB - 长度: 434
2025-11-27 10:54:50,340 - app - DEBUG - 转发输出数据 - a2Gn5wOlytCOHruyAAAB - 长度: 214
2025-11-27 10:54:50,628 - app - DEBUG - 转发输出数据 - a2Gn5wOlytCOHruyAAAB - 长度: 263
2025-11-27 10:54:50,952 - app - DEBUG - 转发输出数据 - a2Gn5wOlytCOHruyAAAB - 长度: 941
2025-11-27 10:54:50,975 - app - DEBUG - 转发输出数据 - a2Gn5wOlytCOHruyAAAB - 长度: 372
2025-11-27 10:54:51,471 - app - DEBUG - 转发输出数据 - a2Gn5wOlytCOHruyAAAB - 长度: 89
2025-11-27 10:54:51,974 - app - DEBUG - 转发输出数据 - a2Gn5wOlytCOHruyAAAB - 长度: 89
2025-11-27 10:54:52,478 - app - DEBUG - 转发输出数据 - a2Gn5wOlytCOHruyAAAB - 长度: 89
2025-11-27 10:54:52,193 - app - DEBUG - 转发输出数据 - a2Gn5wOlytCOHruyAAAB - 长度: 89
2025-11-27 10:54:52,697 - app - DEBUG - 转发输出数据 - a2Gn5wOlytCOHruyAAAB - 长度: 89
2025-11-27 10:54:52,992 - app - DEBUG - 转发输出数据 - a2Gn5wOlytCOHruyAAAB - 长度: 89
2025-11-27 10:54:53,497 - app - DEBUG - 转发输出数据 - a2Gn5wOlytCOHruyAAAB - 长度: 89
2025-11-27 10:54:53,518 - app - DEBUG - 转发输出数据 - a2Gn5wOlytCOHruyAAAB - 长度: 293
2025-11-27 10:54:53,805 - app - DEBUG - 转发输出数据 - a2Gn5wOlytCOHruyAAAB - 长度: 89
2025-11-27 10:54:54,058 - app - DEBUG - 转发输出数据 - a2Gn5wOlytCOHruyAAAB - 长度: 287
2025-11-27 10:54:54,559 - app - DEBUG - 转发输出数据 - a2Gn5wOlytCOHruyAAAB - 长度: 89
2025-11-27 10:54:54,935 - app - DEBUG - 转发输出数据 - a2Gn5wOlytCOHruyAAAB - 长度: 380
2025-11-27 10:54:54,959 - app - DEBUG - 转发输出数据 - a2Gn5wOlytCOHruyAAAB - 长度: 372
2025-11-27 10:54:55,199 - app - DEBUG - 转发输出数据 - a2Gn5wOlytCOHruyAAAB - 长度: 373
2025-11-27 10:54:55,213 - app - DEBUG - 转发输出数据 - a2Gn5wOlytCOHruyAAAB - 长度: 373
2025-11-27 10:54:55,246 - app - DEBUG - 转发输出数据 - a2Gn5wOlytCOHruyAAAB - 长度: 743
2025-11-27 10:54:55,268 - app - DEBUG - 转发输出数据 - a2Gn5wOlytCOHruyAAAB - 长度: 383
2025-11-27 10:54:55,290 - app - DEBUG - 转发输出数据 - a2Gn5wOlytCOHruyAAAB - 长度: 369
2025-11-27 10:54:55,302 - app - DEBUG - 转发输出数据 - a2Gn5wOlytCOHruyAAAB - 长度: 380
2025-11-27 10:54:55,388 - app - DEBUG - 转发输出数据 - a2Gn5wOlytCOHruyAAAB - 长度: 89
2025-11-27 10:54:55,901 - app - DEBUG - 转发输出数据 - a2Gn5wOlytCOHruyAAAB - 长度: 89
2025-11-27 10:54:55,934 - app - DEBUG - 转发输出数据 - a2Gn5wOlytCOHruyAAAB - 长度: 292
2025-11-27 10:54:56,435 - app - DEBUG - 转发输出数据 - a2Gn5wOlytCOHruyAAAB - 长度: 89
2025-11-27 10:54:56,732 - app - DEBUG - 转发输出数据 - a2Gn5wOlytCOHruyAAAB - 长度: 89
2025-11-27 10:54:56,988 - app - DEBUG - 转发输出数据 - a2Gn5wOlytCOHruyAAAB - 长度: 294
2025-11-27 10:54:57,480 - app - DEBUG - 转发输出数据 - a2Gn5wOlytCOHruyAAAB - 长度: 383
2025-11-27 10:54:57,491 - app - DEBUG - 转发输出数据 - a2Gn5wOlytCOHruyAAAB - 长度: 364
2025-11-27 10:54:57,996 - app - DEBUG - 转发输出数据 - a2Gn5wOlytCOHruyAAAB - 长度: 89
2025-11-27 10:54:58,500 - app - DEBUG - 转发输出数据 - a2Gn5wOlytCOHruyAAAB - 长度: 89
2025-11-27 10:54:59,007 - app - DEBUG - 转发输出数据 - a2Gn5wOlytCOHruyAAAB - 长度: 89
2025-11-27 10:54:59,510 - app - DEBUG - 转发输出数据 - a2Gn5wOlytCOHruyAAAB - 长度: 89
2025-11-27 10:55:00,023 - app - DEBUG - 转发输出数据 - a2Gn5wOlytCOHruyAAAB - 长度: 89
2025-11-27 10:55:00,527 - app - DEBUG - 转发输出数据 - a2Gn5wOlytCOHruyAAAB - 长度: 89
2025-11-27 10:55:01,035 - app - DEBUG - 转发输出数据 - a2Gn5wOlytCOHruyAAAB - 长度: 89
2025-11-27 10:55:01,539 - app - DEBUG - 转发输出数据 - a2Gn5wOlytCOHruyAAAB - 长度: 89
2025-11-27 10:55:02,044 - app - DEBUG - 转发输出数据 - a2Gn5wOlytCOHruyAAAB - 长度: 89
2025-11-27 10:55:02,546 - app - DEBUG - 转发输出数据 - a2Gn5wOlytCOHruyAAAB - 长度: 89
2025-11-27 10:55:03,051 - app - DEBUG - 转发输出数据 - a2Gn5wOlytCOHruyAAAB - 长度: 89
2025-11-27 10:55:03,565 - app - DEBUG - 转发输出数据 - a2Gn5wOlytCOHruyAAAB - 长度: 89
2025-11-27 10:55:04,068 - app - DEBUG - 转发输出数据 - a2Gn5wOlytCOHruyAAAB - 长度: 89
2025-11-27 10:55:04,574 - app - DEBUG - 转发输出数据 - a2Gn5wOlytCOHruyAAAB - 长度: 89
2025-11-27 10:55:05,077 - app - DEBUG - 转发输出数据 - a2Gn5wOlytCOHruyAAAB - 长度: 89
2025-11-27 10:55:05,586 - app - DEBUG - 转发输出数据 - a2Gn5wOlytCOHruyAAAB - 长度: 89
2025-11-27 10:55:06,090 - app - DEBUG - 转发输出数据 - a2Gn5wOlytCOHruyAAAB - 长度: 89
2025-11-27 10:55:06,593 - app - DEBUG - 转发输出数据 - a2Gn5wOlytCOHruyAAAB - 长度: 89
2025-11-27 10:55:07,098 - app - DEBUG - 转发输出数据 - a2Gn5wOlytCOHruyAAAB - 长度: 89
2025-11-27 10:55:07,604 - app - DEBUG - 转发输出数据 - a2Gn5wOlytCOHruyAAAB - 长度: 89
2025-11-27 10:55:08,107 - app - DEBUG - 转发输出数据 - a2Gn5wOlytCOHruyAAAB - 长度: 89
2025-11-27 10:55:08,612 - app - DEBUG - 转发输出数据 - a2Gn5wOlytCOHruyAAAB - 长度: 89
2025-11-27 10:55:08,676 - app - DEBUG - 转发输出数据 - a2Gn5wOlytCOHruyAAAB - 长度: 735
2025-11-27 10:55:08,688 - app - DEBUG - 转发输出数据 - a2Gn5wOlytCOHruyAAAB - 长度: 571
2025-11-27 10:55:09,157 - app - DEBUG - 转发输出数据 - a2Gn5wOlytCOHruyAAAB - 长度: 29
2025-11-27 10:55:09,281 - app - DEBUG - 转发输出数据 - a2Gn5wOlytCOHruyAAAB - 长度: 16
2025-11-27 10:55:09,334 - app - DEBUG - 转发输出数据 - a2Gn5wOlytCOHruyAAAB - 长度: 23
2025-11-27 10:55:09,356 - app - DEBUG - 转发输出数据 - a2Gn5wOlytCOHruyAAAB - 长度: 259
2025-11-27 10:55:09,367 - app - DEBUG - 转发输出数据 - a2Gn5wOlytCOHruyAAAB - 长度: 26
2025-11-27 10:55:09,379 - app - DEBUG - 转发输出数据 - a2Gn5wOlytCOHruyAAAB - 长度: 26
2025-11-27 10:55:09,392 - app - DEBUG - 转发输出数据 - a2Gn5wOlytCOHruyAAAB - 长度: 26
2025-11-27 10:55:09,404 - app - DEBUG - 转发输出数据 - a2Gn5wOlytCOHruyAAAB - 长度: 26
2025-11-27 10:55:09,416 - app - DEBUG - 转发输出数据 - a2Gn5wOlytCOHruyAAAB - 长度: 26
2025-11-27 10:55:09,433 - app - DEBUG - 转发输出数据 - a2Gn5wOlytCOHruyAAAB - 长度: 26
2025-11-27 10:55:09,445 - app - DEBUG - 转发输出数据 - a2Gn5wOlytCOHruyAAAB - 长度: 26
2025-11-27 10:55:09,467 - app - DEBUG - 转发输出数据 - a2Gn5wOlytCOHruyAAAB - 长度: 26
2025-11-27 10:55:09,489 - app - DEBUG - 转发输出数据 - a2Gn5wOlytCOHruyAAAB - 长度: 26
2025-11-27 10:55:09,521 - app - DEBUG - 转发输出数据 - a2Gn5wOlytCOHruyAAAB - 长度: 269
2025-11-27 10:55:09,543 - app - DEBUG - 转发输出数据 - a2Gn5wOlytCOHruyAAAB - 长度: 58
2025-11-27 10:55:09,627 - app - DEBUG - 转发输出数据 - a2Gn5wOlytCOHruyAAAB - 长度: 109
2025-11-27 10:55:09,680 - app - DEBUG - 转发输出数据 - a2Gn5wOlytCOHruyAAAB - 长度: 154
2025-11-27 10:55:09,692 - app - DEBUG - 转发输出数据 - a2Gn5wOlytCOHruyAAAB - 长度: 109
2025-11-27 10:55:09,765 - app - DEBUG - 转发输出数据 - a2Gn5wOlytCOHruyAAAB - 长度: 282
2025-11-27 10:55:09,778 - app - DEBUG - 转发输出数据 - a2Gn5wOlytCOHruyAAAB - 长度: 182
2025-11-27 10:55:09,791 - app - DEBUG - 转发输出数据 - a2Gn5wOlytCOHruyAAAB - 长度: 211
2025-11-27 10:55:09,822 - app - DEBUG - 转发输出数据 - a2Gn5wOlytCOHruyAAAB - 长度: 109
2025-11-27 10:55:09,844 - app - DEBUG - 转发输出数据 - a2Gn5wOlytCOHruyAAAB - 长度: 42
2025-11-27 10:55:10,009 - app - DEBUG - 转发输出数据 - a2Gn5wOlytCOHruyAAAB - 长度: 109
2025-11-27 10:55:10,062 - app - DEBUG - 转发输出数据 - a2Gn5wOlytCOHruyAAAB - 长度: 29
2025-11-27 10:55:10,561 - app - DEBUG - 转发输出数据 - a2Gn5wOlytCOHruyAAAB - 长度: 109
2025-11-27 10:55:10,603 - app - DEBUG - 转发输出数据 - a2Gn5wOlytCOHruyAAAB - 长度: 386
2025-11-27 10:55:10,615 - app - DEBUG - 转发输出数据 - a2Gn5wOlytCOHruyAAAB - 长度: 104
2025-11-27 10:55:10,626 - app - DEBUG - 转发输出数据 - a2Gn5wOlytCOHruyAAAB - 长度: 182
2025-11-27 10:55:10,639 - app - DEBUG - 转发输出数据 - a2Gn5wOlytCOHruyAAAB - 长度: 109
2025-11-27 10:55:10,650 - app - DEBUG - 转发输出数据 - a2Gn5wOlytCOHruyAAAB - 长度: 48
2025-11-27 10:55:10,682 - app - DEBUG - 转发输出数据 - a2Gn5wOlytCOHruyAAAB - 长度: 109
2025-11-27 10:55:10,715 - app - DEBUG - 转发输出数据 - a2Gn5wOlytCOHruyAAAB - 长度: 74
2025-11-27 10:55:10,729 - app - DEBUG - 转发输出数据 - a2Gn5wOlytCOHruyAAAB - 长度: 109
2025-11-27 10:55:10,741 - app - DEBUG - 转发输出数据 - a2Gn5wOlytCOHruyAAAB - 长度: 80
2025-11-27 10:55:10,763 - app - DEBUG - 转发输出数据 - a2Gn5wOlytCOHruyAAAB - 长度: 109
2025-11-27 10:55:10,806 - app - DEBUG - 转发输出数据 - a2Gn5wOlytCOHruyAAAB - 长度: 168
2025-11-27 10:55:10,859 - app - DEBUG - 转发输出数据 - a2Gn5wOlytCOHruyAAAB - 长度: 386
2025-11-27 10:55:10,871 - app - DEBUG - 转发输出数据 - a2Gn5wOlytCOHruyAAAB - 长度: 130
2025-11-27 10:55:10,883 - app - DEBUG - 转发输出数据 - a2Gn5wOlytCOHruyAAAB - 长度: 172
2025-11-27 10:55:10,895 - app - DEBUG - 转发输出数据 - a2Gn5wOlytCOHruyAAAB - 长度: 179
2025-11-27 10:55:10,916 - app - DEBUG - 转发输出数据 - a2Gn5wOlytCOHruyAAAB - 长度: 109
2025-11-27 10:55:10,969 - app - DEBUG - 转发输出数据 - a2Gn5wOlytCOHruyAAAB - 长度: 85
2025-11-27 10:55:10,982 - app - DEBUG - 转发输出数据 - a2Gn5wOlytCOHruyAAAB - 长度: 202
2025-11-27 10:55:11,004 - app - DEBUG - 转发输出数据 - a2Gn5wOlytCOHruyAAAB - 长度: 109
2025-11-27 10:55:11,051 - app - DEBUG - 转发输出数据 - a2Gn5wOlytCOHruyAAAB - 长度: 74
2025-11-27 10:55:11,062 - app - DEBUG - 转发输出数据 - a2Gn5wOlytCOHruyAAAB - 长度: 185
2025-11-27 10:55:11,094 - app - DEBUG - 转发输出数据 - a2Gn5wOlytCOHruyAAAB - 长度: 109
2025-11-27 10:55:11,132 - app - DEBUG - 转发输出数据 - a2Gn5wOlytCOHruyAAAB - 长度: 79
2025-11-27 10:55:11,153 - app - DEBUG - 转发输出数据 - a2Gn5wOlytCOHruyAAAB - 长度: 84
2025-11-27 10:55:11,175 - app - DEBUG - 转发输出数据 - a2Gn5wOlytCOHruyAAAB - 长度: 109
2025-11-27 10:55:11,207 - app - DEBUG - 转发输出数据 - a2Gn5wOlytCOHruyAAAB - 长度: 74
2025-11-27 10:55:11,229 - app - DEBUG - 转发输出数据 - a2Gn5wOlytCOHruyAAAB - 长度: 185
2025-11-27 10:55:11,251 - app - DEBUG - 转发输出数据 - a2Gn5wOlytCOHruyAAAB - 长度: 109
2025-11-27 10:55:11,283 - app - DEBUG - 转发输出数据 - a2Gn5wOlytCOHruyAAAB - 长度: 75
2025-11-27 10:55:11,295 - app - DEBUG - 转发输出数据 - a2Gn5wOlytCOHruyAAAB - 长度: 184
2025-11-27 10:55:11,349 - app - DEBUG - 转发输出数据 - a2Gn5wOlytCOHruyAAAB - 长度: 109
2025-11-27 10:55:11,412 - app - DEBUG - 转发输出数据 - a2Gn5wOlytCOHruyAAAB - 长度: 73
2025-11-27 10:55:11,424 - app - DEBUG - 转发输出数据 - a2Gn5wOlytCOHruyAAAB - 长度: 188
2025-11-27 10:55:11,528 - app - DEBUG - 转发输出数据 - a2Gn5wOlytCOHruyAAAB - 长度: 83
2025-11-27 10:55:11,539 - app - DEBUG - 转发输出数据 - a2Gn5wOlytCOHruyAAAB - 长度: 183
2025-11-27 10:55:11,571 - app - DEBUG - 转发输出数据 - a2Gn5wOlytCOHruyAAAB - 长度: 109
2025-11-27 10:55:11,613 - app - DEBUG - 转发输出数据 - a2Gn5wOlytCOHruyAAAB - 长度: 78
2025-11-27 10:55:11,770 - app - DEBUG - 转发输出数据 - a2Gn5wOlytCOHruyAAAB - 长度: 109
2025-11-27 10:55:11,782 - app - DEBUG - 转发输出数据 - a2Gn5wOlytCOHruyAAAB - 长度: 69
2025-11-27 10:55:11,888 - app - DEBUG - 转发输出数据 - a2Gn5wOlytCOHruyAAAB - 长度: 109
2025-11-27 10:55:11,940 - app - DEBUG - 转发输出数据 - a2Gn5wOlytCOHruyAAAB - 长度: 81
2025-11-27 10:55:12,004 - app - DEBUG - 转发输出数据 - a2Gn5wOlytCOHruyAAAB - 长度: 109
2025-11-27 10:55:12,087 - app - DEBUG - 转发输出数据 - a2Gn5wOlytCOHruyAAAB - 长度: 74
2025-11-27 10:55:12,159 - app - DEBUG - 转发输出数据 - a2Gn5wOlytCOHruyAAAB - 长度: 109
2025-11-27 10:55:12,191 - app - DEBUG - 转发输出数据 - a2Gn5wOlytCOHruyAAAB - 长度: 74
2025-11-27 10:55:12,203 - app - DEBUG - 转发输出数据 - a2Gn5wOlytCOHruyAAAB - 长度: 75
2025-11-27 10:55:12,235 - app - DEBUG - 转发输出数据 - a2Gn5wOlytCOHruyAAAB - 长度: 109
2025-11-27 10:55:12,266 - app - DEBUG - 转发输出数据 - a2Gn5wOlytCOHruyAAAB - 长度: 75
2025-11-27 10:55:12,288 - app - DEBUG - 转发输出数据 - a2Gn5wOlytCOHruyAAAB - 长度: 173
2025-11-27 10:55:12,311 - app - DEBUG - 转发输出数据 - a2Gn5wOlytCOHruyAAAB - 长度: 109
2025-11-27 10:55:12,353 - app - DEBUG - 转发输出数据 - a2Gn5wOlytCOHruyAAAB - 长度: 76
2025-11-27 10:55:12,436 - app - DEBUG - 转发输出数据 - a2Gn5wOlytCOHruyAAAB - 长度: 178
2025-11-27 10:55:12,468 - app - DEBUG - 转发输出数据 - a2Gn5wOlytCOHruyAAAB - 长度: 109
2025-11-27 10:55:12,500 - app - DEBUG - 转发输出数据 - a2Gn5wOlytCOHruyAAAB - 长度: 73
2025-11-27 10:55:12,523 - app - DEBUG - 转发输出数据 - a2Gn5wOlytCOHruyAAAB - 长度: 175
2025-11-27 10:55:12,586 - app - DEBUG - 转发输出数据 - a2Gn5wOlytCOHruyAAAB - 长度: 74
2025-11-27 10:55:12,597 - app - DEBUG - 转发输出数据 - a2Gn5wOlytCOHruyAAAB - 长度: 174
2025-11-27 10:55:12,629 - app - DEBUG - 转发输出数据 - a2Gn5wOlytCOHruyAAAB - 长度: 109
2025-11-27 10:55:12,661 - app - DEBUG - 转发输出数据 - a2Gn5wOlytCOHruyAAAB - 长度: 84
2025-11-27 10:55:12,673 - app - DEBUG - 转发输出数据 - a2Gn5wOlytCOHruyAAAB - 长度: 109
2025-11-27 10:55:12,685 - app - DEBUG - 转发输出数据 - a2Gn5wOlytCOHruyAAAB - 长度: 81
2025-11-27 10:55:12,707 - app - DEBUG - 转发输出数据 - a2Gn5wOlytCOHruyAAAB - 长度: 109
2025-11-27 10:55:12,754 - app - DEBUG - 转发输出数据 - a2Gn5wOlytCOHruyAAAB - 长度: 70
2025-11-27 10:55:12,777 - app - DEBUG - 转发输出数据 - a2Gn5wOlytCOHruyAAAB - 长度: 176
2025-11-27 10:55:12,799 - app - DEBUG - 转发输出数据 - a2Gn5wOlytCOHruyAAAB - 长度: 109
2025-11-27 10:55:12,851 - app - DEBUG - 转发输出数据 - a2Gn5wOlytCOHruyAAAB - 长度: 82
2025-11-27 10:55:12,945 - app - DEBUG - 转发输出数据 - a2Gn5wOlytCOHruyAAAB - 长度: 87
2025-11-27 10:55:12,998 - app - DEBUG - 转发输出数据 - a2Gn5wOlytCOHruyAAAB - 长度: 109
2025-11-27 10:55:13,060 - app - DEBUG - 转发输出数据 - a2Gn5wOlytCOHruyAAAB - 长度: 82
2025-11-27 10:55:13,102 - app - DEBUG - 转发输出数据 - a2Gn5wOlytCOHruyAAAB - 长度: 226
2025-11-27 10:55:13,175 - app - DEBUG - 转发输出数据 - a2Gn5wOlytCOHruyAAAB - 长度: 109
2025-11-27 10:55:13,187 - app - DEBUG - 转发输出数据 - a2Gn5wOlytCOHruyAAAB - 长度: 87
2025-11-27 10:55:13,250 - app - DEBUG - 转发输出数据 - a2Gn5wOlytCOHruyAAAB - 长度: 109
2025-11-27 10:55:13,293 - app - DEBUG - 转发输出数据 - a2Gn5wOlytCOHruyAAAB - 长度: 85
2025-11-27 10:55:13,317 - app - DEBUG - 转发输出数据 - a2Gn5wOlytCOHruyAAAB - 长度: 211
2025-11-27 10:55:13,350 - app - DEBUG - 转发输出数据 - a2Gn5wOlytCOHruyAAAB - 长度: 109
2025-11-27 10:55:13,383 - app - DEBUG - 转发输出数据 - a2Gn5wOlytCOHruyAAAB - 长度: 84
2025-11-27 10:55:13,394 - app - DEBUG - 转发输出数据 - a2Gn5wOlytCOHruyAAAB - 长度: 206
2025-11-27 10:55:13,479 - app - DEBUG - 转发输出数据 - a2Gn5wOlytCOHruyAAAB - 长度: 65
2025-11-27 10:55:13,511 - app - DEBUG - 转发输出数据 - a2Gn5wOlytCOHruyAAAB - 长度: 109
2025-11-27 10:55:13,543 - app - DEBUG - 转发输出数据 - a2Gn5wOlytCOHruyAAAB - 长度: 60
2025-11-27 10:55:14,203 - app - DEBUG - 转发输出数据 - a2Gn5wOlytCOHruyAAAB - 长度: 109
2025-11-27 10:55:14,236 - app - DEBUG - 转发输出数据 - a2Gn5wOlytCOHruyAAAB - 长度: 66
2025-11-27 10:55:14,248 - app - DEBUG - 转发输出数据 - a2Gn5wOlytCOHruyAAAB - 长度: 109
2025-11-27 10:55:14,260 - app - DEBUG - 转发输出数据 - a2Gn5wOlytCOHruyAAAB - 长度: 59
2025-11-27 10:55:14,292 - app - DEBUG - 转发输出数据 - a2Gn5wOlytCOHruyAAAB - 长度: 109
2025-11-27 10:55:14,346 - app - DEBUG - 转发输出数据 - a2Gn5wOlytCOHruyAAAB - 长度: 73
2025-11-27 10:55:14,522 - app - DEBUG - 转发输出数据 - a2Gn5wOlytCOHruyAAAB - 长度: 109
2025-11-27 10:55:14,605 - app - DEBUG - 转发输出数据 - a2Gn5wOlytCOHruyAAAB - 长度: 81
2025-11-27 10:55:14,915 - app - DEBUG - 转发输出数据 - a2Gn5wOlytCOHruyAAAB - 长度: 66
2025-11-27 10:55:14,927 - app - DEBUG - 转发输出数据 - a2Gn5wOlytCOHruyAAAB - 长度: 169
2025-11-27 10:55:14,959 - app - DEBUG - 转发输出数据 - a2Gn5wOlytCOHruyAAAB - 长度: 109
2025-11-27 10:55:15,024 - app - DEBUG - 转发输出数据 - a2Gn5wOlytCOHruyAAAB - 长度: 162
2025-11-27 10:55:15,035 - app - DEBUG - 转发输出数据 - a2Gn5wOlytCOHruyAAAB - 长度: 109
2025-11-27 10:55:15,046 - app - DEBUG - 转发输出数据 - a2Gn5wOlytCOHruyAAAB - 长度: 132
2025-11-27 10:55:15,068 - app - DEBUG - 转发输出数据 - a2Gn5wOlytCOHruyAAAB - 长度: 109
2025-11-27 10:55:17,096 - app - DEBUG - 转发输出数据 - a2Gn5wOlytCOHruyAAAB - 长度: 84
2025-11-27 10:55:17,108 - app - DEBUG - 转发输出数据 - a2Gn5wOlytCOHruyAAAB - 长度: 94
2025-11-27 10:55:17,140 - app - DEBUG - 转发输出数据 - a2Gn5wOlytCOHruyAAAB - 长度: 88
2025-11-27 10:55:17,255 - app - DEBUG - 转发输出数据 - a2Gn5wOlytCOHruyAAAB - 长度: 109
2025-11-27 10:55:17,266 - app - DEBUG - 转发输出数据 - a2Gn5wOlytCOHruyAAAB - 长度: 52
2025-11-27 10:55:17,277 - app - DEBUG - 转发输出数据 - a2Gn5wOlytCOHruyAAAB - 长度: 160
2025-11-27 10:55:17,621 - app - DEBUG - 转发输出数据 - a2Gn5wOlytCOHruyAAAB - 长度: 96
2025-11-27 10:55:17,695 - app - DEBUG - 转发输出数据 - a2Gn5wOlytCOHruyAAAB - 长度: 109
2025-11-27 10:55:19,142 - app - DEBUG - 转发输出数据 - a2Gn5wOlytCOHruyAAAB - 长度: 109
2025-11-27 10:55:19,153 - app - DEBUG - 转发输出数据 - a2Gn5wOlytCOHruyAAAB - 长度: 144
2025-11-27 10:55:19,165 - app - DEBUG - 转发输出数据 - a2Gn5wOlytCOHruyAAAB - 长度: 109
2025-11-27 10:55:19,176 - app - DEBUG - 转发输出数据 - a2Gn5wOlytCOHruyAAAB - 长度: 164
2025-11-27 10:55:19,260 - app - DEBUG - 转发输出数据 - a2Gn5wOlytCOHruyAAAB - 长度: 50
2025-11-27 10:55:19,273 - app - DEBUG - 转发输出数据 - a2Gn5wOlytCOHruyAAAB - 长度: 109
2025-11-27 10:55:19,285 - app - DEBUG - 转发输出数据 - a2Gn5wOlytCOHruyAAAB - 长度: 109
2025-11-27 10:55:19,298 - app - DEBUG - 转发输出数据 - a2Gn5wOlytCOHruyAAAB - 长度: 58
2025-11-27 10:55:19,313 - app - DEBUG - 转发输出数据 - a2Gn5wOlytCOHruyAAAB - 长度: 109
2025-11-27 10:55:19,822 - app - DEBUG - 转发输出数据 - a2Gn5wOlytCOHruyAAAB - 长度: 506
2025-11-27 10:55:20,059 - app - DEBUG - 转发输出数据 - a2Gn5wOlytCOHruyAAAB - 长度: 171
2025-11-27 10:55:20,080 - app - DEBUG - 转发输出数据 - a2Gn5wOlytCOHruyAAAB - 长度: 218
2025-11-27 10:55:20,092 - app - DEBUG - 转发输出数据 - a2Gn5wOlytCOHruyAAAB - 长度: 67
2025-11-27 10:55:20,110 - app - DEBUG - 转发输出数据 - a2Gn5wOlytCOHruyAAAB - 长度: 109
2025-11-27 10:55:20,123 - app - DEBUG - 转发输出数据 - a2Gn5wOlytCOHruyAAAB - 长度: 52
2025-11-27 10:55:20,135 - app - DEBUG - 转发输出数据 - a2Gn5wOlytCOHruyAAAB - 长度: 109
2025-11-27 10:55:20,152 - app - DEBUG - 转发输出数据 - a2Gn5wOlytCOHruyAAAB - 长度: 161
2025-11-27 10:55:20,164 - app - DEBUG - 转发输出数据 - a2Gn5wOlytCOHruyAAAB - 长度: 109
2025-11-27 10:55:20,175 - app - DEBUG - 转发输出数据 - a2Gn5wOlytCOHruyAAAB - 长度: 167
2025-11-27 10:55:20,187 - app - DEBUG - 转发输出数据 - a2Gn5wOlytCOHruyAAAB - 长度: 109
2025-11-27 10:55:21,311 - app - DEBUG - 转发输出数据 - a2Gn5wOlytCOHruyAAAB - 长度: 44
2025-11-27 10:55:21,323 - app - DEBUG - 转发输出数据 - a2Gn5wOlytCOHruyAAAB - 长度: 109
2025-11-27 10:55:21,689 - app - DEBUG - 转发输出数据 - a2Gn5wOlytCOHruyAAAB - 长度: 174
2025-11-27 10:55:21,701 - app - DEBUG - 转发输出数据 - a2Gn5wOlytCOHruyAAAB - 长度: 109
2025-11-27 10:55:21,712 - app - DEBUG - 转发输出数据 - a2Gn5wOlytCOHruyAAAB - 长度: 109
2025-11-27 10:55:21,732 - app - DEBUG - 转发输出数据 - a2Gn5wOlytCOHruyAAAB - 长度: 48
2025-11-27 10:55:21,748 - app - DEBUG - 转发输出数据 - a2Gn5wOlytCOHruyAAAB - 长度: 109
2025-11-27 10:55:21,759 - app - DEBUG - 转发输出数据 - a2Gn5wOlytCOHruyAAAB - 长度: 109
2025-11-27 10:55:21,777 - app - DEBUG - 转发输出数据 - a2Gn5wOlytCOHruyAAAB - 长度: 52
2025-11-27 10:55:21,970 - app - DEBUG - 转发输出数据 - a2Gn5wOlytCOHruyAAAB - 长度: 109
2025-11-27 10:55:21,982 - app - DEBUG - 转发输出数据 - a2Gn5wOlytCOHruyAAAB - 长度: 168
2025-11-27 10:55:21,993 - app - DEBUG - 转发输出数据 - a2Gn5wOlytCOHruyAAAB - 长度: 163
2025-11-27 10:55:22,004 - app - DEBUG - 转发输出数据 - a2Gn5wOlytCOHruyAAAB - 长度: 79
2025-11-27 10:55:22,017 - app - DEBUG - 转发输出数据 - a2Gn5wOlytCOHruyAAAB - 长度: 163
2025-11-27 10:55:22,082 - app - DEBUG - 转发输出数据 - a2Gn5wOlytCOHruyAAAB - 长度: 109
2025-11-27 10:55:23,596 - app - DEBUG - 转发输出数据 - a2Gn5wOlytCOHruyAAAB - 长度: 109
2025-11-27 10:55:23,618 - app - DEBUG - 转发输出数据 - a2Gn5wOlytCOHruyAAAB - 长度: 168
2025-11-27 10:55:23,639 - app - DEBUG - 转发输出数据 - a2Gn5wOlytCOHruyAAAB - 长度: 42
2025-11-27 10:55:23,655 - app - DEBUG - 转发输出数据 - a2Gn5wOlytCOHruyAAAB - 长度: 69
2025-11-27 10:55:23,668 - app - DEBUG - 转发输出数据 - a2Gn5wOlytCOHruyAAAB - 长度: 269
2025-11-27 10:55:23,680 - app - DEBUG - 转发输出数据 - a2Gn5wOlytCOHruyAAAB - 长度: 109
2025-11-27 10:55:23,694 - app - DEBUG - 转发输出数据 - a2Gn5wOlytCOHruyAAAB - 长度: 109
2025-11-27 10:55:23,710 - app - DEBUG - 转发输出数据 - a2Gn5wOlytCOHruyAAAB - 长度: 159
2025-11-27 10:55:23,726 - app - DEBUG - 转发输出数据 - a2Gn5wOlytCOHruyAAAB - 长度: 109
2025-11-27 10:55:23,739 - app - DEBUG - 转发输出数据 - a2Gn5wOlytCOHruyAAAB - 长度: 59
2025-11-27 10:55:25,577 - app - DEBUG - 转发输出数据 - a2Gn5wOlytCOHruyAAAB - 长度: 175
2025-11-27 10:55:25,589 - app - DEBUG - 转发输出数据 - a2Gn5wOlytCOHruyAAAB - 长度: 267
2025-11-27 10:55:25,601 - app - DEBUG - 转发输出数据 - a2Gn5wOlytCOHruyAAAB - 长度: 109
2025-11-27 10:55:25,613 - app - DEBUG - 转发输出数据 - a2Gn5wOlytCOHruyAAAB - 长度: 168
2025-11-27 10:55:25,707 - app - DEBUG - 转发输出数据 - a2Gn5wOlytCOHruyAAAB - 长度: 47
2025-11-27 10:55:25,936 - app - DEBUG - 转发输出数据 - a2Gn5wOlytCOHruyAAAB - 长度: 55
2025-11-27 10:55:25,958 - app - DEBUG - 转发输出数据 - a2Gn5wOlytCOHruyAAAB - 长度: 55
2025-11-27 10:55:26,303 - app - DEBUG - 转发输出数据 - a2Gn5wOlytCOHruyAAAB - 长度: 57
2025-11-27 10:55:27,891 - app - DEBUG - 转发输出数据 - a2Gn5wOlytCOHruyAAAB - 长度: 20
2025-11-27 10:55:28,048 - app - DEBUG - 转发输出数据 - a2Gn5wOlytCOHruyAAAB - 长度: 86
2025-11-27 10:55:29,301 - app - DEBUG - 调整终端大小: a2Gn5wOlytCOHruyAAAB, 119x44
2025-11-27 10:55:29,304 - app - DEBUG - adjust terminal's size: a2Gn5wOlytCOHruyAAAB, 119x44
2025-11-27 10:55:29,313 - app - DEBUG - 转发输出数据 - a2Gn5wOlytCOHruyAAAB - 长度: 82
2025-11-27 10:55:29,502 - app - DEBUG - 调整终端大小: a2Gn5wOlytCOHruyAAAB, 119x120
2025-11-27 10:55:29,504 - app - DEBUG - adjust terminal's size: a2Gn5wOlytCOHruyAAAB, 119x120
2025-11-27 10:55:29,514 - app - DEBUG - 转发输出数据 - a2Gn5wOlytCOHruyAAAB - 长度: 82
2025-11-27 10:55:30,270 - app - DEBUG - 调整终端大小: a2Gn5wOlytCOHruyAAAB, 119x119
2025-11-27 10:55:30,276 - app - DEBUG - adjust terminal's size: a2Gn5wOlytCOHruyAAAB, 119x119
2025-11-27 10:55:30,280 - app - DEBUG - 转发输出数据 - a2Gn5wOlytCOHruyAAAB - 长度: 82
2025-11-27 10:55:30,489 - app - DEBUG - 调整终端大小: a2Gn5wOlytCOHruyAAAB, 119x119
2025-11-27 10:55:30,490 - app - DEBUG - adjust terminal's size: a2Gn5wOlytCOHruyAAAB, 119x119
2025-11-27 10:55:37,403 - app - DEBUG - 调整终端大小: a2Gn5wOlytCOHruyAAAB, 119x118
2025-11-27 10:55:37,409 - app - DEBUG - adjust terminal's size: a2Gn5wOlytCOHruyAAAB, 119x118
2025-11-27 10:55:37,414 - app - DEBUG - 转发输出数据 - a2Gn5wOlytCOHruyAAAB - 长度: 82
2025-11-27 10:55:37,647 - app - DEBUG - 调整终端大小: a2Gn5wOlytCOHruyAAAB, 114x117
2025-11-27 10:55:37,648 - app - DEBUG - adjust terminal's size: a2Gn5wOlytCOHruyAAAB, 114x117
2025-11-27 10:55:37,660 - app - DEBUG - 转发输出数据 - a2Gn5wOlytCOHruyAAAB - 长度: 82
2025-11-27 10:55:37,864 - app - DEBUG - 调整终端大小: a2Gn5wOlytCOHruyAAAB, 99x116
2025-11-27 10:55:37,865 - app - DEBUG - adjust terminal's size: a2Gn5wOlytCOHruyAAAB, 99x116
2025-11-27 10:55:37,870 - app - DEBUG - 转发输出数据 - a2Gn5wOlytCOHruyAAAB - 长度: 82
2025-11-27 10:55:38,177 - app - DEBUG - 调整终端大小: a2Gn5wOlytCOHruyAAAB, 97x115
2025-11-27 10:55:38,178 - app - DEBUG - adjust terminal's size: a2Gn5wOlytCOHruyAAAB, 97x115
2025-11-27 10:55:38,186 - app - DEBUG - 转发输出数据 - a2Gn5wOlytCOHruyAAAB - 长度: 82
2025-11-27 10:55:38,380 - app - DEBUG - 调整终端大小: a2Gn5wOlytCOHruyAAAB, 95x114
2025-11-27 10:55:38,381 - app - DEBUG - adjust terminal's size: a2Gn5wOlytCOHruyAAAB, 95x114
2025-11-27 10:55:38,387 - app - DEBUG - 转发输出数据 - a2Gn5wOlytCOHruyAAAB - 长度: 82
2025-11-27 10:55:38,605 - app - DEBUG - 调整终端大小: a2Gn5wOlytCOHruyAAAB, 93x113
2025-11-27 10:55:38,606 - app - DEBUG - adjust terminal's size: a2Gn5wOlytCOHruyAAAB, 93x113
2025-11-27 10:55:38,607 - app - DEBUG - 转发输出数据 - a2Gn5wOlytCOHruyAAAB - 长度: 82
2025-11-27 10:56:19,251 - app - DEBUG - close SSH connection: a2Gn5wOlytCOHruyAAAB
2025-11-27 10:56:19,270 - app - INFO - ssh closed: a2Gn5wOlytCOHruyAAAB
2025-11-27 10:56:19,277 - app - DEBUG - removed from client list: a2Gn5wOlytCOHruyAAAB
2025-11-27 10:56:19,283 - app - INFO - 客户端断开连接: a2Gn5wOlytCOHruyAAAB
2025-11-27 10:56:19,283 - app - DEBUG - checking non-existent connection: a2Gn5wOlytCOHruyAAAB
2025-11-27 10:56:19,290 - app - DEBUG - 停止转发SSH输出 - a2Gn5wOlytCOHruyAAAB
2025-11-27 10:57:03,521 - app - INFO - 客户端连接: 683MSkJ5LpWWftUrAAAD
2025-11-27 10:57:03,575 - app - DEBUG - 收到连接请求: 683MSkJ5LpWWftUrAAAD: {'connect': {'hostname': '127.0.0.1', 'port': 2092, 'username': 'liuliu', 'password': '123456'}}
2025-11-27 10:57:03,577 - app - INFO - 尝试连接到 127.0.0.1:2092 用户名: liuliu
2025-11-27 10:57:03,578 - app - DEBUG - creating ssh connection: 683MSkJ5LpWWftUrAAAD -> 127.0.0.1:2092
2025-11-27 10:57:03,580 - app - DEBUG - trying to connect to server: 127.0.0.1:2092
2025-11-27 10:57:03,809 - app - DEBUG - creating interactive shell: 683MSkJ5LpWWftUrAAAD
2025-11-27 10:57:04,484 - app - DEBUG - Setting up UTF-8 environment variables for 683MSkJ5LpWWftUrAAAD
2025-11-27 10:57:04,533 - app - DEBUG - UTF-8 environment variables set for 683MSkJ5LpWWftUrAAAD
2025-11-27 10:57:04,535 - app - INFO - SSH connecting successed: 683MSkJ5LpWWftUrAAAD -> 127.0.0.1:2092
2025-11-27 10:57:04,537 - app - DEBUG - SSH连接结果: True - 683MSkJ5LpWWftUrAAAD
2025-11-27 10:57:04,538 - app - INFO - 成功连接到 127.0.0.1 用户名: liuliu
2025-11-27 10:57:04,540 - app - DEBUG - 启动输出转发线程 - 683MSkJ5LpWWftUrAAAD
2025-11-27 10:57:04,542 - app - DEBUG - 开始转发SSH输出 - 683MSkJ5LpWWftUrAAAD
2025-11-27 10:57:04,543 - app - DEBUG - 转发输出数据 - 683MSkJ5LpWWftUrAAAD - 长度: 1144
2025-11-27 10:57:07,541 - app - DEBUG - 收到终端输入: 683MSkJ5LpWWftUrAAAD, 数据长度: 1
2025-11-27 10:57:07,543 - app - DEBUG - sending data to SSH tunle: 683MSkJ5LpWWftUrAAAD, 长度: 1
2025-11-27 10:57:07,544 - app - DEBUG - 数据发送成功: 683MSkJ5LpWWftUrAAAD
2025-11-27 10:57:07,547 - app - DEBUG - 转发输出数据 - 683MSkJ5LpWWftUrAAAD - 长度: 1
2025-11-27 10:57:07,686 - app - DEBUG - 收到终端输入: 683MSkJ5LpWWftUrAAAD, 数据长度: 1
2025-11-27 10:57:07,688 - app - DEBUG - sending data to SSH tunle: 683MSkJ5LpWWftUrAAAD, 长度: 1
2025-11-27 10:57:07,696 - app - DEBUG - 数据发送成功: 683MSkJ5LpWWftUrAAAD
2025-11-27 10:57:07,697 - app - DEBUG - 转发输出数据 - 683MSkJ5LpWWftUrAAAD - 长度: 1
2025-11-27 10:57:07,804 - app - DEBUG - 收到终端输入: 683MSkJ5LpWWftUrAAAD, 数据长度: 1
2025-11-27 10:57:07,806 - app - DEBUG - sending data to SSH tunle: 683MSkJ5LpWWftUrAAAD, 长度: 1
2025-11-27 10:57:07,808 - app - DEBUG - 数据发送成功: 683MSkJ5LpWWftUrAAAD
2025-11-27 10:57:07,815 - app - DEBUG - 转发输出数据 - 683MSkJ5LpWWftUrAAAD - 长度: 135
2025-11-27 10:57:10,055 - app - DEBUG - 收到终端输入: 683MSkJ5LpWWftUrAAAD, 数据长度: 3
2025-11-27 10:57:10,057 - app - DEBUG - sending data to SSH tunle: 683MSkJ5LpWWftUrAAAD, 长度: 3
2025-11-27 10:57:10,058 - app - DEBUG - 数据发送成功: 683MSkJ5LpWWftUrAAAD
2025-11-27 10:57:10,063 - app - DEBUG - 转发输出数据 - 683MSkJ5LpWWftUrAAAD - 长度: 2
2025-11-27 10:57:10,401 - app - DEBUG - 收到终端输入: 683MSkJ5LpWWftUrAAAD, 数据长度: 3
2025-11-27 10:57:10,402 - app - DEBUG - sending data to SSH tunle: 683MSkJ5LpWWftUrAAAD, 长度: 3
2025-11-27 10:57:10,404 - app - DEBUG - 数据发送成功: 683MSkJ5LpWWftUrAAAD
2025-11-27 10:57:10,412 - app - DEBUG - 转发输出数据 - 683MSkJ5LpWWftUrAAAD - 长度: 18
2025-11-27 10:57:11,330 - app - DEBUG - 收到终端输入: 683MSkJ5LpWWftUrAAAD, 数据长度: 1
2025-11-27 10:57:11,332 - app - DEBUG - sending data to SSH tunle: 683MSkJ5LpWWftUrAAAD, 长度: 1
2025-11-27 10:57:11,333 - app - DEBUG - 数据发送成功: 683MSkJ5LpWWftUrAAAD
2025-11-27 10:57:11,335 - app - DEBUG - 转发输出数据 - 683MSkJ5LpWWftUrAAAD - 长度: 11
2025-11-27 10:57:11,347 - app - DEBUG - 转发输出数据 - 683MSkJ5LpWWftUrAAAD - 长度: 28
2025-11-27 10:57:12,925 - app - DEBUG - 收到终端输入: 683MSkJ5LpWWftUrAAAD, 数据长度: 1
2025-11-27 10:57:12,927 - app - DEBUG - sending data to SSH tunle: 683MSkJ5LpWWftUrAAAD, 长度: 1
2025-11-27 10:57:12,929 - app - DEBUG - 数据发送成功: 683MSkJ5LpWWftUrAAAD
2025-11-27 10:57:13,292 - app - DEBUG - 收到终端输入: 683MSkJ5LpWWftUrAAAD, 数据长度: 1
2025-11-27 10:57:13,294 - app - DEBUG - sending data to SSH tunle: 683MSkJ5LpWWftUrAAAD, 长度: 1
2025-11-27 10:57:13,296 - app - DEBUG - 数据发送成功: 683MSkJ5LpWWftUrAAAD
2025-11-27 10:57:14,418 - app - DEBUG - 收到终端输入: 683MSkJ5LpWWftUrAAAD, 数据长度: 1
2025-11-27 10:57:14,419 - app - DEBUG - sending data to SSH tunle: 683MSkJ5LpWWftUrAAAD, 长度: 1
2025-11-27 10:57:14,422 - app - DEBUG - 数据发送成功: 683MSkJ5LpWWftUrAAAD
2025-11-27 10:57:14,575 - app - DEBUG - 收到终端输入: 683MSkJ5LpWWftUrAAAD, 数据长度: 1
2025-11-27 10:57:14,579 - app - DEBUG - sending data to SSH tunle: 683MSkJ5LpWWftUrAAAD, 长度: 1
2025-11-27 10:57:14,581 - app - DEBUG - 数据发送成功: 683MSkJ5LpWWftUrAAAD
2025-11-27 10:57:14,744 - app - DEBUG - 收到终端输入: 683MSkJ5LpWWftUrAAAD, 数据长度: 1
2025-11-27 10:57:14,745 - app - DEBUG - sending data to SSH tunle: 683MSkJ5LpWWftUrAAAD, 长度: 1
2025-11-27 10:57:14,746 - app - DEBUG - 数据发送成功: 683MSkJ5LpWWftUrAAAD
2025-11-27 10:57:14,897 - app - DEBUG - 收到终端输入: 683MSkJ5LpWWftUrAAAD, 数据长度: 1
2025-11-27 10:57:14,899 - app - DEBUG - sending data to SSH tunle: 683MSkJ5LpWWftUrAAAD, 长度: 1
2025-11-27 10:57:14,900 - app - DEBUG - 数据发送成功: 683MSkJ5LpWWftUrAAAD
2025-11-27 10:57:15,359 - app - DEBUG - 收到终端输入: 683MSkJ5LpWWftUrAAAD, 数据长度: 1
2025-11-27 10:57:15,364 - app - DEBUG - sending data to SSH tunle: 683MSkJ5LpWWftUrAAAD, 长度: 1
2025-11-27 10:57:15,366 - app - DEBUG - 数据发送成功: 683MSkJ5LpWWftUrAAAD
2025-11-27 10:57:15,558 - app - DEBUG - 收到终端输入: 683MSkJ5LpWWftUrAAAD, 数据长度: 1
2025-11-27 10:57:15,567 - app - DEBUG - sending data to SSH tunle: 683MSkJ5LpWWftUrAAAD, 长度: 1
2025-11-27 10:57:15,576 - app - DEBUG - 数据发送成功: 683MSkJ5LpWWftUrAAAD
2025-11-27 10:57:15,747 - app - DEBUG - 收到终端输入: 683MSkJ5LpWWftUrAAAD, 数据长度: 1
2025-11-27 10:57:15,749 - app - DEBUG - sending data to SSH tunle: 683MSkJ5LpWWftUrAAAD, 长度: 1
2025-11-27 10:57:15,750 - app - DEBUG - 数据发送成功: 683MSkJ5LpWWftUrAAAD
2025-11-27 10:57:15,973 - app - DEBUG - 收到终端输入: 683MSkJ5LpWWftUrAAAD, 数据长度: 1
2025-11-27 10:57:15,976 - app - DEBUG - sending data to SSH tunle: 683MSkJ5LpWWftUrAAAD, 长度: 1
2025-11-27 10:57:15,980 - app - DEBUG - 数据发送成功: 683MSkJ5LpWWftUrAAAD
2025-11-27 10:57:16,166 - app - DEBUG - 收到终端输入: 683MSkJ5LpWWftUrAAAD, 数据长度: 1
2025-11-27 10:57:16,168 - app - DEBUG - sending data to SSH tunle: 683MSkJ5LpWWftUrAAAD, 长度: 1
2025-11-27 10:57:16,170 - app - DEBUG - 数据发送成功: 683MSkJ5LpWWftUrAAAD
2025-11-27 10:57:16,317 - app - DEBUG - 收到终端输入: 683MSkJ5LpWWftUrAAAD, 数据长度: 1
2025-11-27 10:57:16,319 - app - DEBUG - sending data to SSH tunle: 683MSkJ5LpWWftUrAAAD, 长度: 1
2025-11-27 10:57:16,320 - app - DEBUG - 数据发送成功: 683MSkJ5LpWWftUrAAAD
2025-11-27 10:57:16,551 - app - DEBUG - 收到终端输入: 683MSkJ5LpWWftUrAAAD, 数据长度: 1
2025-11-27 10:57:16,553 - app - DEBUG - sending data to SSH tunle: 683MSkJ5LpWWftUrAAAD, 长度: 1
2025-11-27 10:57:16,555 - app - DEBUG - 数据发送成功: 683MSkJ5LpWWftUrAAAD
2025-11-27 10:57:16,558 - app - DEBUG - 转发输出数据 - 683MSkJ5LpWWftUrAAAD - 长度: 2
2025-11-27 10:57:16,678 - app - DEBUG - 转发输出数据 - 683MSkJ5LpWWftUrAAAD - 长度: 29
2025-11-27 10:57:16,929 - app - DEBUG - 转发输出数据 - 683MSkJ5LpWWftUrAAAD - 长度: 29
2025-11-27 10:57:16,951 - app - DEBUG - 转发输出数据 - 683MSkJ5LpWWftUrAAAD - 长度: 29
2025-11-27 10:57:16,994 - app - DEBUG - 转发输出数据 - 683MSkJ5LpWWftUrAAAD - 长度: 58
2025-11-27 10:57:17,019 - app - DEBUG - 转发输出数据 - 683MSkJ5LpWWftUrAAAD - 长度: 58
2025-11-27 10:57:17,033 - app - DEBUG - 转发输出数据 - 683MSkJ5LpWWftUrAAAD - 长度: 116
2025-11-27 10:57:17,630 - app - DEBUG - 转发输出数据 - 683MSkJ5LpWWftUrAAAD - 长度: 60
2025-11-27 10:57:17,652 - app - DEBUG - 转发输出数据 - 683MSkJ5LpWWftUrAAAD - 长度: 30
2025-11-27 10:57:17,779 - app - DEBUG - 转发输出数据 - 683MSkJ5LpWWftUrAAAD - 长度: 60
2025-11-27 10:57:17,793 - app - DEBUG - 转发输出数据 - 683MSkJ5LpWWftUrAAAD - 长度: 90
2025-11-27 10:57:17,805 - app - DEBUG - 转发输出数据 - 683MSkJ5LpWWftUrAAAD - 长度: 30
2025-11-27 10:57:17,943 - app - DEBUG - 转发输出数据 - 683MSkJ5LpWWftUrAAAD - 长度: 60
2025-11-27 10:57:17,985 - app - DEBUG - 转发输出数据 - 683MSkJ5LpWWftUrAAAD - 长度: 60
2025-11-27 10:57:18,174 - app - DEBUG - 转发输出数据 - 683MSkJ5LpWWftUrAAAD - 长度: 60
2025-11-27 10:57:18,239 - app - DEBUG - 转发输出数据 - 683MSkJ5LpWWftUrAAAD - 长度: 60
2025-11-27 10:57:18,313 - app - DEBUG - 转发输出数据 - 683MSkJ5LpWWftUrAAAD - 长度: 60
2025-11-27 10:57:18,325 - app - DEBUG - 转发输出数据 - 683MSkJ5LpWWftUrAAAD - 长度: 60
2025-11-27 10:57:18,339 - app - DEBUG - 转发输出数据 - 683MSkJ5LpWWftUrAAAD - 长度: 120
2025-11-27 10:57:18,350 - app - DEBUG - 转发输出数据 - 683MSkJ5LpWWftUrAAAD - 长度: 240
2025-11-27 10:57:18,362 - app - DEBUG - 转发输出数据 - 683MSkJ5LpWWftUrAAAD - 长度: 30
2025-11-27 10:57:18,407 - app - DEBUG - 转发输出数据 - 683MSkJ5LpWWftUrAAAD - 长度: 30
2025-11-27 10:57:18,419 - app - DEBUG - 转发输出数据 - 683MSkJ5LpWWftUrAAAD - 长度: 30
2025-11-27 10:57:18,462 - app - DEBUG - 转发输出数据 - 683MSkJ5LpWWftUrAAAD - 长度: 30
2025-11-27 10:57:18,475 - app - DEBUG - 转发输出数据 - 683MSkJ5LpWWftUrAAAD - 长度: 30
2025-11-27 10:57:18,623 - app - DEBUG - 转发输出数据 - 683MSkJ5LpWWftUrAAAD - 长度: 60
2025-11-27 10:57:18,686 - app - DEBUG - 转发输出数据 - 683MSkJ5LpWWftUrAAAD - 长度: 60
2025-11-27 10:57:18,698 - app - DEBUG - 转发输出数据 - 683MSkJ5LpWWftUrAAAD - 长度: 30
2025-11-27 10:57:18,710 - app - DEBUG - 转发输出数据 - 683MSkJ5LpWWftUrAAAD - 长度: 120
2025-11-27 10:57:18,722 - app - DEBUG - 转发输出数据 - 683MSkJ5LpWWftUrAAAD - 长度: 30
2025-11-27 10:57:18,796 - app - DEBUG - 转发输出数据 - 683MSkJ5LpWWftUrAAAD - 长度: 60
2025-11-27 10:57:18,912 - app - DEBUG - 转发输出数据 - 683MSkJ5LpWWftUrAAAD - 长度: 33
2025-11-27 10:57:18,945 - app - DEBUG - 转发输出数据 - 683MSkJ5LpWWftUrAAAD - 长度: 64
2025-11-27 10:57:19,009 - app - DEBUG - 转发输出数据 - 683MSkJ5LpWWftUrAAAD - 长度: 66
2025-11-27 10:57:19,063 - app - DEBUG - 转发输出数据 - 683MSkJ5LpWWftUrAAAD - 长度: 33
2025-11-27 10:57:19,306 - app - DEBUG - 转发输出数据 - 683MSkJ5LpWWftUrAAAD - 长度: 140
2025-11-27 10:57:19,390 - app - DEBUG - 转发输出数据 - 683MSkJ5LpWWftUrAAAD - 长度: 27
2025-11-27 10:57:19,424 - app - DEBUG - 转发输出数据 - 683MSkJ5LpWWftUrAAAD - 长度: 28
2025-11-27 10:57:19,500 - app - DEBUG - 转发输出数据 - 683MSkJ5LpWWftUrAAAD - 长度: 31
2025-11-27 10:57:19,825 - app - DEBUG - 转发输出数据 - 683MSkJ5LpWWftUrAAAD - 长度: 204
2025-11-27 10:57:19,847 - app - DEBUG - 转发输出数据 - 683MSkJ5LpWWftUrAAAD - 长度: 65
2025-11-27 10:57:19,879 - app - DEBUG - 转发输出数据 - 683MSkJ5LpWWftUrAAAD - 长度: 78
2025-11-27 10:58:19,887 - app - WARNING - SSH connect timed out: 683MSkJ5LpWWftUrAAAD, final active: 60.00850558280945 seconds before
2025-11-27 10:59:20,153 - app - DEBUG - 收到终端输入: 683MSkJ5LpWWftUrAAAD, 数据长度: 1
2025-11-27 10:59:20,386 - app - DEBUG - 收到终端输入: 683MSkJ5LpWWftUrAAAD, 数据长度: 1
2025-11-27 10:59:20,654 - app - DEBUG - 收到终端输入: 683MSkJ5LpWWftUrAAAD, 数据长度: 1
2025-11-27 10:59:23,513 - app - DEBUG - 收到终端输入: 683MSkJ5LpWWftUrAAAD, 数据长度: 1
2025-11-27 10:59:23,685 - app - DEBUG - 收到终端输入: 683MSkJ5LpWWftUrAAAD, 数据长度: 1
2025-11-27 10:59:23,980 - app - DEBUG - 收到终端输入: 683MSkJ5LpWWftUrAAAD, 数据长度: 1
2025-11-27 10:59:26,642 - app - DEBUG - 收到终端输入: 683MSkJ5LpWWftUrAAAD, 数据长度: 1
2025-11-27 10:59:27,015 - app - DEBUG - 收到终端输入: 683MSkJ5LpWWftUrAAAD, 数据长度: 1
2025-11-27 10:59:28,079 - app - DEBUG - 收到终端输入: 683MSkJ5LpWWftUrAAAD, 数据长度: 3
2025-11-27 10:59:28,207 - app - DEBUG - 收到终端输入: 683MSkJ5LpWWftUrAAAD, 数据长度: 1
2025-11-27 10:59:28,319 - app - DEBUG - 收到终端输入: 683MSkJ5LpWWftUrAAAD, 数据长度: 3
2025-11-27 10:59:28,353 - app - DEBUG - 收到终端输入: 683MSkJ5LpWWftUrAAAD, 数据长度: 1
2025-11-27 10:59:28,451 - app - DEBUG - 收到终端输入: 683MSkJ5LpWWftUrAAAD, 数据长度: 3
2025-11-27 10:59:28,526 - app - DEBUG - 收到终端输入: 683MSkJ5LpWWftUrAAAD, 数据长度: 1
2025-11-27 10:59:28,641 - app - DEBUG - 收到终端输入: 683MSkJ5LpWWftUrAAAD, 数据长度: 3
2025-11-27 10:59:28,669 - app - DEBUG - 收到终端输入: 683MSkJ5LpWWftUrAAAD, 数据长度: 1
2025-11-27 10:59:28,684 - app - DEBUG - 收到终端输入: 683MSkJ5LpWWftUrAAAD, 数据长度: 3
2025-11-27 10:59:28,762 - app - DEBUG - 收到终端输入: 683MSkJ5LpWWftUrAAAD, 数据长度: 1
2025-11-27 10:59:28,847 - app - DEBUG - 收到终端输入: 683MSkJ5LpWWftUrAAAD, 数据长度: 3
2025-11-27 10:59:28,855 - app - DEBUG - 收到终端输入: 683MSkJ5LpWWftUrAAAD, 数据长度: 1
2025-11-27 10:59:28,872 - app - DEBUG - 收到终端输入: 683MSkJ5LpWWftUrAAAD, 数据长度: 1
2025-11-27 10:59:28,884 - app - DEBUG - 收到终端输入: 683MSkJ5LpWWftUrAAAD, 数据长度: 3
2025-11-27 10:59:29,059 - app - DEBUG - 收到终端输入: 683MSkJ5LpWWftUrAAAD, 数据长度: 1
2025-11-27 10:59:38,931 - app - DEBUG - 收到终端输入: 683MSkJ5LpWWftUrAAAD, 数据长度: 1
2025-11-27 10:59:39,033 - app - DEBUG - 收到终端输入: 683MSkJ5LpWWftUrAAAD, 数据长度: 1
2025-11-27 10:59:39,233 - app - DEBUG - 收到终端输入: 683MSkJ5LpWWftUrAAAD, 数据长度: 1
2025-11-27 10:59:50,126 - app - INFO - 客户端连接: dtb-lUBdWsl1whQgAAAF
2025-11-27 10:59:50,181 - app - DEBUG - 收到连接请求: dtb-lUBdWsl1whQgAAAF: {'connect': {'hostname': '127.0.0.1', 'port': 2092, 'username': 'liuliu', 'password': '123456'}}
2025-11-27 10:59:50,183 - app - INFO - 尝试连接到 127.0.0.1:2092 用户名: liuliu
2025-11-27 10:59:50,184 - app - DEBUG - creating ssh connection: dtb-lUBdWsl1whQgAAAF -> 127.0.0.1:2092
2025-11-27 10:59:50,185 - app - DEBUG - trying to connect to server: 127.0.0.1:2092
2025-11-27 10:59:50,353 - app - DEBUG - creating interactive shell: dtb-lUBdWsl1whQgAAAF
2025-11-27 10:59:51,001 - app - DEBUG - Setting up UTF-8 environment variables for dtb-lUBdWsl1whQgAAAF
2025-11-27 10:59:51,049 - app - DEBUG - UTF-8 environment variables set for dtb-lUBdWsl1whQgAAAF
